{"/Users/ruben/Documents/deezy/sat-hunter/bitcoin.js": {"path":"/Users/ruben/Documents/deezy/sat-hunter/bitcoin.js","statementMap":{"0":{"start":{"line":1,"column":22},"end":{"line":1,"column":46}},"1":{"start":{"line":2,"column":24},"end":{"line":2,"column":69}},"2":{"start":{"line":5,"column":4},"end":{"line":7,"column":5}},"3":{"start":{"line":6,"column":8},"end":{"line":6,"column":61}},"4":{"start":{"line":10,"column":4},"end":{"line":10,"column":18}},"5":{"start":{"line":11,"column":21},"end":{"line":11,"column":132}},"6":{"start":{"line":12,"column":4},"end":{"line":12,"column":19}},"7":{"start":{"line":16,"column":4},"end":{"line":16,"column":18}},"8":{"start":{"line":17,"column":17},"end":{"line":17,"column":127}},"9":{"start":{"line":18,"column":4},"end":{"line":18,"column":39}},"10":{"start":{"line":22,"column":4},"end":{"line":22,"column":18}},"11":{"start":{"line":23,"column":4},"end":{"line":23,"column":147}},"12":{"start":{"line":27,"column":4},"end":{"line":27,"column":18}},"13":{"start":{"line":28,"column":4},"end":{"line":28,"column":142}},"14":{"start":{"line":32,"column":4},"end":{"line":32,"column":18}},"15":{"start":{"line":33,"column":4},"end":{"line":33,"column":139}},"16":{"start":{"line":37,"column":4},"end":{"line":37,"column":18}},"17":{"start":{"line":38,"column":17},"end":{"line":38,"column":130}},"18":{"start":{"line":39,"column":4},"end":{"line":39,"column":39}},"19":{"start":{"line":43,"column":17},"end":{"line":43,"column":94}},"20":{"start":{"line":44,"column":4},"end":{"line":44,"column":15}},"21":{"start":{"line":48,"column":4},"end":{"line":48,"column":18}},"22":{"start":{"line":49,"column":17},"end":{"line":49,"column":131}},"23":{"start":{"line":50,"column":4},"end":{"line":50,"column":15}},"24":{"start":{"line":54,"column":17},"end":{"line":54,"column":112}},"25":{"start":{"line":55,"column":4},"end":{"line":55,"column":15}},"26":{"start":{"line":58,"column":0},"end":{"line":68,"column":1}}},"fnMap":{"0":{"name":"check_wallet","decl":{"start":{"line":4,"column":9},"end":{"line":4,"column":21}},"loc":{"start":{"line":4,"column":24},"end":{"line":8,"column":1}},"line":4},"1":{"name":"listunspent","decl":{"start":{"line":9,"column":9},"end":{"line":9,"column":20}},"loc":{"start":{"line":9,"column":23},"end":{"line":13,"column":1}},"line":9},"2":{"name":"utxoupdatepsbt","decl":{"start":{"line":15,"column":9},"end":{"line":15,"column":23}},"loc":{"start":{"line":15,"column":34},"end":{"line":19,"column":1}},"line":15},"3":{"name":"walletprocesspsbt","decl":{"start":{"line":21,"column":9},"end":{"line":21,"column":26}},"loc":{"start":{"line":21,"column":37},"end":{"line":24,"column":1}},"line":21},"4":{"name":"finalizepsbt","decl":{"start":{"line":26,"column":9},"end":{"line":26,"column":21}},"loc":{"start":{"line":26,"column":48},"end":{"line":29,"column":1}},"line":26},"5":{"name":"testmempoolaccept","decl":{"start":{"line":31,"column":9},"end":{"line":31,"column":26}},"loc":{"start":{"line":31,"column":36},"end":{"line":34,"column":1}},"line":31},"6":{"name":"sendrawtransaction","decl":{"start":{"line":36,"column":9},"end":{"line":36,"column":27}},"loc":{"start":{"line":36,"column":37},"end":{"line":40,"column":1}},"line":36},"7":{"name":"decodepsbt","decl":{"start":{"line":42,"column":9},"end":{"line":42,"column":19}},"loc":{"start":{"line":42,"column":30},"end":{"line":45,"column":1}},"line":42},"8":{"name":"listtransactions","decl":{"start":{"line":47,"column":9},"end":{"line":47,"column":25}},"loc":{"start":{"line":47,"column":28},"end":{"line":51,"column":1}},"line":47},"9":{"name":"getrawtransaction","decl":{"start":{"line":53,"column":9},"end":{"line":53,"column":26}},"loc":{"start":{"line":53,"column":46},"end":{"line":56,"column":1}},"line":53}},"branchMap":{"0":{"loc":{"start":{"line":2,"column":24},"end":{"line":2,"column":69}},"type":"binary-expr","locations":[{"start":{"line":2,"column":24},"end":{"line":2,"column":52}},{"start":{"line":2,"column":56},"end":{"line":2,"column":69}}],"line":2},"1":{"loc":{"start":{"line":5,"column":4},"end":{"line":7,"column":5}},"type":"if","locations":[{"start":{"line":5,"column":4},"end":{"line":7,"column":5}},{"start":{},"end":{}}],"line":5},"2":{"loc":{"start":{"line":26,"column":30},"end":{"line":26,"column":44}},"type":"default-arg","locations":[{"start":{"line":26,"column":40},"end":{"line":26,"column":44}}],"line":26}},"s":{"0":1,"1":1,"2":0,"3":0,"4":0,"5":0,"6":0,"7":0,"8":0,"9":0,"10":0,"11":0,"12":0,"13":0,"14":0,"15":0,"16":0,"17":0,"18":0,"19":0,"20":0,"21":0,"22":0,"23":0,"24":0,"25":0,"26":1},"f":{"0":0,"1":0,"2":0,"3":0,"4":0,"5":0,"6":0,"7":0,"8":0,"9":0},"b":{"0":[1,1],"1":[0,0],"2":[0]},"_coverageSchema":"1a1c01bbd47fc00a2c39e90264f33305004495a9","hash":"c64678423df58544ae8e78123865b85d110a4e49"}
,"/Users/ruben/Documents/deezy/sat-hunter/deezy.js": {"path":"/Users/ruben/Documents/deezy/sat-hunter/deezy.js","statementMap":{"0":{"start":{"line":1,"column":14},"end":{"line":1,"column":30}},"1":{"start":{"line":3,"column":17},"end":{"line":3,"column":42}},"2":{"start":{"line":6,"column":4},"end":{"line":8,"column":5}},"3":{"start":{"line":7,"column":8},"end":{"line":7,"column":52}},"4":{"start":{"line":11,"column":4},"end":{"line":11,"column":19}},"5":{"start":{"line":12,"column":4},"end":{"line":14,"column":5}},"6":{"start":{"line":13,"column":8},"end":{"line":13,"column":55}},"7":{"start":{"line":15,"column":16},"end":{"line":15,"column":46}},"8":{"start":{"line":16,"column":17},"end":{"line":26,"column":5}},"9":{"start":{"line":27,"column":4},"end":{"line":29,"column":5}},"10":{"start":{"line":28,"column":8},"end":{"line":28,"column":42}},"11":{"start":{"line":30,"column":4},"end":{"line":32,"column":5}},"12":{"start":{"line":31,"column":8},"end":{"line":31,"column":42}},"13":{"start":{"line":33,"column":21},"end":{"line":36,"column":6}},"14":{"start":{"line":34,"column":8},"end":{"line":34,"column":26}},"15":{"start":{"line":35,"column":8},"end":{"line":35,"column":27}},"16":{"start":{"line":37,"column":4},"end":{"line":37,"column":15}},"17":{"start":{"line":41,"column":4},"end":{"line":41,"column":19}},"18":{"start":{"line":42,"column":16},"end":{"line":42,"column":65}},"19":{"start":{"line":43,"column":21},"end":{"line":46,"column":6}},"20":{"start":{"line":44,"column":8},"end":{"line":44,"column":26}},"21":{"start":{"line":45,"column":8},"end":{"line":45,"column":27}},"22":{"start":{"line":47,"column":4},"end":{"line":47,"column":15}},"23":{"start":{"line":50,"column":0},"end":{"line":53,"column":1}}},"fnMap":{"0":{"name":"check_api_key","decl":{"start":{"line":5,"column":9},"end":{"line":5,"column":22}},"loc":{"start":{"line":5,"column":25},"end":{"line":9,"column":1}},"line":5},"1":{"name":"post_scan_request","decl":{"start":{"line":10,"column":15},"end":{"line":10,"column":32}},"loc":{"start":{"line":10,"column":144},"end":{"line":38,"column":1}},"line":10},"2":{"name":"(anonymous_2)","decl":{"start":{"line":33,"column":114},"end":{"line":33,"column":115}},"loc":{"start":{"line":33,"column":121},"end":{"line":36,"column":5}},"line":33},"3":{"name":"get_scan_request","decl":{"start":{"line":40,"column":15},"end":{"line":40,"column":31}},"loc":{"start":{"line":40,"column":53},"end":{"line":48,"column":1}},"line":40},"4":{"name":"(anonymous_4)","decl":{"start":{"line":43,"column":107},"end":{"line":43,"column":108}},"loc":{"start":{"line":43,"column":114},"end":{"line":46,"column":5}},"line":43}},"branchMap":{"0":{"loc":{"start":{"line":6,"column":4},"end":{"line":8,"column":5}},"type":"if","locations":[{"start":{"line":6,"column":4},"end":{"line":8,"column":5}},{"start":{},"end":{}}],"line":6},"1":{"loc":{"start":{"line":10,"column":98},"end":{"line":10,"column":118}},"type":"default-arg","locations":[{"start":{"line":10,"column":114},"end":{"line":10,"column":118}}],"line":10},"2":{"loc":{"start":{"line":10,"column":120},"end":{"line":10,"column":140}},"type":"default-arg","locations":[{"start":{"line":10,"column":136},"end":{"line":10,"column":140}}],"line":10},"3":{"loc":{"start":{"line":12,"column":4},"end":{"line":14,"column":5}},"type":"if","locations":[{"start":{"line":12,"column":4},"end":{"line":14,"column":5}},{"start":{},"end":{}}],"line":12},"4":{"loc":{"start":{"line":27,"column":4},"end":{"line":29,"column":5}},"type":"if","locations":[{"start":{"line":27,"column":4},"end":{"line":29,"column":5}},{"start":{},"end":{}}],"line":27},"5":{"loc":{"start":{"line":30,"column":4},"end":{"line":32,"column":5}},"type":"if","locations":[{"start":{"line":30,"column":4},"end":{"line":32,"column":5}},{"start":{},"end":{}}],"line":30}},"s":{"0":1,"1":1,"2":0,"3":0,"4":0,"5":0,"6":0,"7":0,"8":0,"9":0,"10":0,"11":0,"12":0,"13":0,"14":0,"15":0,"16":0,"17":0,"18":0,"19":0,"20":0,"21":0,"22":0,"23":1},"f":{"0":0,"1":0,"2":0,"3":0,"4":0},"b":{"0":[0,0],"1":[0],"2":[0],"3":[0,0],"4":[0,0],"5":[0,0]},"_coverageSchema":"1a1c01bbd47fc00a2c39e90264f33305004495a9","hash":"4c6ecf575e588bf43ce00722379d41514e4c57f3"}
,"/Users/ruben/Documents/deezy/sat-hunter/fees.js": {"path":"/Users/ruben/Documents/deezy/sat-hunter/fees.js","statementMap":{"0":{"start":{"line":1,"column":14},"end":{"line":1,"column":30}},"1":{"start":{"line":2,"column":20},"end":{"line":2,"column":70}},"2":{"start":{"line":3,"column":17},"end":{"line":3,"column":55}},"3":{"start":{"line":4,"column":0},"end":{"line":6,"column":1}},"4":{"start":{"line":5,"column":4},"end":{"line":5,"column":71}},"5":{"start":{"line":8,"column":0},"end":{"line":10,"column":1}},"6":{"start":{"line":9,"column":4},"end":{"line":9,"column":83}},"7":{"start":{"line":12,"column":0},"end":{"line":17,"column":1}},"8":{"start":{"line":13,"column":4},"end":{"line":13,"column":75}},"9":{"start":{"line":14,"column":4},"end":{"line":16,"column":5}},"10":{"start":{"line":15,"column":8},"end":{"line":15,"column":75}},"11":{"start":{"line":18,"column":23},"end":{"line":18,"column":66}},"12":{"start":{"line":21,"column":4},"end":{"line":23,"column":5}},"13":{"start":{"line":22,"column":8},"end":{"line":22,"column":44}},"14":{"start":{"line":24,"column":21},"end":{"line":27,"column":6}},"15":{"start":{"line":25,"column":8},"end":{"line":25,"column":26}},"16":{"start":{"line":26,"column":8},"end":{"line":26,"column":27}},"17":{"start":{"line":28,"column":4},"end":{"line":28,"column":51}},"18":{"start":{"line":28,"column":29},"end":{"line":28,"column":51}},"19":{"start":{"line":29,"column":4},"end":{"line":29,"column":54}},"20":{"start":{"line":29,"column":31},"end":{"line":29,"column":54}},"21":{"start":{"line":30,"column":4},"end":{"line":30,"column":47}},"22":{"start":{"line":30,"column":28},"end":{"line":30,"column":47}},"23":{"start":{"line":31,"column":4},"end":{"line":31,"column":71}},"24":{"start":{"line":35,"column":21},"end":{"line":38,"column":6}},"25":{"start":{"line":36,"column":8},"end":{"line":36,"column":26}},"26":{"start":{"line":37,"column":8},"end":{"line":37,"column":18}},"27":{"start":{"line":39,"column":4},"end":{"line":41,"column":5}},"28":{"start":{"line":40,"column":8},"end":{"line":40,"column":55}},"29":{"start":{"line":42,"column":4},"end":{"line":45,"column":5}},"30":{"start":{"line":43,"column":39},"end":{"line":43,"column":85}},"31":{"start":{"line":44,"column":8},"end":{"line":44,"column":83}},"32":{"start":{"line":47,"column":4},"end":{"line":47,"column":71}},"33":{"start":{"line":50,"column":0},"end":{"line":52,"column":1}}},"fnMap":{"0":{"name":"get_fee_rate","decl":{"start":{"line":20,"column":15},"end":{"line":20,"column":27}},"loc":{"start":{"line":20,"column":30},"end":{"line":32,"column":1}},"line":20},"1":{"name":"(anonymous_1)","decl":{"start":{"line":24,"column":85},"end":{"line":24,"column":86}},"loc":{"start":{"line":24,"column":92},"end":{"line":27,"column":5}},"line":24},"2":{"name":"get_min_next_block_fee_rate","decl":{"start":{"line":34,"column":15},"end":{"line":34,"column":42}},"loc":{"start":{"line":34,"column":45},"end":{"line":48,"column":1}},"line":34},"3":{"name":"(anonymous_3)","decl":{"start":{"line":35,"column":88},"end":{"line":35,"column":89}},"loc":{"start":{"line":35,"column":95},"end":{"line":38,"column":5}},"line":35}},"branchMap":{"0":{"loc":{"start":{"line":2,"column":20},"end":{"line":2,"column":70}},"type":"binary-expr","locations":[{"start":{"line":2,"column":20},"end":{"line":2,"column":43}},{"start":{"line":2,"column":47},"end":{"line":2,"column":70}}],"line":2},"1":{"loc":{"start":{"line":3,"column":17},"end":{"line":3,"column":55}},"type":"binary-expr","locations":[{"start":{"line":3,"column":17},"end":{"line":3,"column":43}},{"start":{"line":3,"column":47},"end":{"line":3,"column":55}}],"line":3},"2":{"loc":{"start":{"line":4,"column":0},"end":{"line":6,"column":1}},"type":"if","locations":[{"start":{"line":4,"column":0},"end":{"line":6,"column":1}},{"start":{},"end":{}}],"line":4},"3":{"loc":{"start":{"line":4,"column":4},"end":{"line":4,"column":70}},"type":"binary-expr","locations":[{"start":{"line":4,"column":4},"end":{"line":4,"column":23}},{"start":{"line":4,"column":27},"end":{"line":4,"column":48}},{"start":{"line":4,"column":52},"end":{"line":4,"column":70}}],"line":4},"4":{"loc":{"start":{"line":8,"column":0},"end":{"line":10,"column":1}},"type":"if","locations":[{"start":{"line":8,"column":0},"end":{"line":10,"column":1}},{"start":{},"end":{}}],"line":8},"5":{"loc":{"start":{"line":8,"column":4},"end":{"line":8,"column":68}},"type":"binary-expr","locations":[{"start":{"line":8,"column":4},"end":{"line":8,"column":30}},{"start":{"line":8,"column":34},"end":{"line":8,"column":68}}],"line":8},"6":{"loc":{"start":{"line":12,"column":0},"end":{"line":17,"column":1}},"type":"if","locations":[{"start":{"line":12,"column":0},"end":{"line":17,"column":1}},{"start":{},"end":{}}],"line":12},"7":{"loc":{"start":{"line":14,"column":4},"end":{"line":16,"column":5}},"type":"if","locations":[{"start":{"line":14,"column":4},"end":{"line":16,"column":5}},{"start":{},"end":{}}],"line":14},"8":{"loc":{"start":{"line":14,"column":8},"end":{"line":14,"column":64}},"type":"binary-expr","locations":[{"start":{"line":14,"column":8},"end":{"line":14,"column":34}},{"start":{"line":14,"column":38},"end":{"line":14,"column":64}}],"line":14},"9":{"loc":{"start":{"line":18,"column":34},"end":{"line":18,"column":65}},"type":"binary-expr","locations":[{"start":{"line":18,"column":34},"end":{"line":18,"column":60}},{"start":{"line":18,"column":64},"end":{"line":18,"column":65}}],"line":18},"10":{"loc":{"start":{"line":21,"column":4},"end":{"line":23,"column":5}},"type":"if","locations":[{"start":{"line":21,"column":4},"end":{"line":23,"column":5}},{"start":{},"end":{}}],"line":21},"11":{"loc":{"start":{"line":28,"column":4},"end":{"line":28,"column":51}},"type":"if","locations":[{"start":{"line":28,"column":4},"end":{"line":28,"column":51}},{"start":{},"end":{}}],"line":28},"12":{"loc":{"start":{"line":29,"column":4},"end":{"line":29,"column":54}},"type":"if","locations":[{"start":{"line":29,"column":4},"end":{"line":29,"column":54}},{"start":{},"end":{}}],"line":29},"13":{"loc":{"start":{"line":30,"column":4},"end":{"line":30,"column":47}},"type":"if","locations":[{"start":{"line":30,"column":4},"end":{"line":30,"column":47}},{"start":{},"end":{}}],"line":30},"14":{"loc":{"start":{"line":39,"column":4},"end":{"line":41,"column":5}},"type":"if","locations":[{"start":{"line":39,"column":4},"end":{"line":41,"column":5}},{"start":{},"end":{}}],"line":39},"15":{"loc":{"start":{"line":42,"column":4},"end":{"line":45,"column":5}},"type":"if","locations":[{"start":{"line":42,"column":4},"end":{"line":45,"column":5}},{"start":{},"end":{}}],"line":42}},"s":{"0":1,"1":1,"2":1,"3":1,"4":0,"5":1,"6":0,"7":1,"8":0,"9":0,"10":0,"11":1,"12":0,"13":0,"14":0,"15":0,"16":0,"17":0,"18":0,"19":0,"20":0,"21":0,"22":0,"23":0,"24":0,"25":0,"26":0,"27":0,"28":0,"29":0,"30":0,"31":0,"32":0,"33":1},"f":{"0":0,"1":0,"2":0,"3":0},"b":{"0":[1,1],"1":[1,1],"2":[0,1],"3":[1,1,0],"4":[0,1],"5":[1,0],"6":[0,1],"7":[0,0],"8":[0,0],"9":[1,1],"10":[0,0],"11":[0,0],"12":[0,0],"13":[0,0],"14":[0,0],"15":[0,0]},"_coverageSchema":"1a1c01bbd47fc00a2c39e90264f33305004495a9","hash":"a2c9b961be99664abfbd66ffd155d727f47947ae"}
,"/Users/ruben/Documents/deezy/sat-hunter/notifications.js": {"path":"/Users/ruben/Documents/deezy/sat-hunter/notifications.js","statementMap":{"0":{"start":{"line":7,"column":4},"end":{"line":7,"column":15}},"1":{"start":{"line":9,"column":14},"end":{"line":9,"column":30}},"2":{"start":{"line":11,"column":20},"end":{"line":11,"column":52}},"3":{"start":{"line":12,"column":20},"end":{"line":12,"column":83}},"4":{"start":{"line":14,"column":25},"end":{"line":14,"column":56}},"5":{"start":{"line":15,"column":26},"end":{"line":15,"column":68}},"6":{"start":{"line":16,"column":34},"end":{"line":16,"column":35}},"7":{"start":{"line":17,"column":29},"end":{"line":17,"column":60}},"8":{"start":{"line":18,"column":26},"end":{"line":18,"column":77}},"9":{"start":{"line":20,"column":24},"end":{"line":32,"column":1}},"10":{"start":{"line":21,"column":2},"end":{"line":21,"column":43}},"11":{"start":{"line":21,"column":36},"end":{"line":21,"column":43}},"12":{"start":{"line":22,"column":19},"end":{"line":22,"column":65}},"13":{"start":{"line":23,"column":18},"end":{"line":23,"column":56}},"14":{"start":{"line":24,"column":2},"end":{"line":31,"column":5}},"15":{"start":{"line":30,"column":4},"end":{"line":30,"column":21}},"16":{"start":{"line":34,"column":24},"end":{"line":49,"column":1}},"17":{"start":{"line":35,"column":2},"end":{"line":35,"column":47}},"18":{"start":{"line":35,"column":40},"end":{"line":35,"column":47}},"19":{"start":{"line":36,"column":2},"end":{"line":48,"column":3}},"20":{"start":{"line":37,"column":18},"end":{"line":37,"column":23}},"21":{"start":{"line":38,"column":18},"end":{"line":38,"column":19}},"22":{"start":{"line":39,"column":4},"end":{"line":47,"column":5}},"23":{"start":{"line":40,"column":6},"end":{"line":46,"column":7}},"24":{"start":{"line":41,"column":8},"end":{"line":41,"column":54}},"25":{"start":{"line":42,"column":8},"end":{"line":42,"column":22}},"26":{"start":{"line":44,"column":8},"end":{"line":44,"column":24}},"27":{"start":{"line":45,"column":8},"end":{"line":45,"column":17}},"28":{"start":{"line":52,"column":26},"end":{"line":55,"column":1}},"29":{"start":{"line":53,"column":2},"end":{"line":53,"column":33}},"30":{"start":{"line":54,"column":2},"end":{"line":54,"column":33}},"31":{"start":{"line":57,"column":0},"end":{"line":61,"column":2}}},"fnMap":{"0":{"name":"(anonymous_0)","decl":{"start":{"line":20,"column":24},"end":{"line":20,"column":25}},"loc":{"start":{"line":20,"column":55},"end":{"line":32,"column":1}},"line":20},"1":{"name":"(anonymous_1)","decl":{"start":{"line":29,"column":24},"end":{"line":29,"column":25}},"loc":{"start":{"line":29,"column":31},"end":{"line":31,"column":3}},"line":29},"2":{"name":"(anonymous_2)","decl":{"start":{"line":34,"column":24},"end":{"line":34,"column":25}},"loc":{"start":{"line":34,"column":55},"end":{"line":49,"column":1}},"line":34},"3":{"name":"(anonymous_3)","decl":{"start":{"line":52,"column":26},"end":{"line":52,"column":27}},"loc":{"start":{"line":52,"column":57},"end":{"line":55,"column":1}},"line":52}},"branchMap":{"0":{"loc":{"start":{"line":12,"column":20},"end":{"line":12,"column":83}},"type":"cond-expr","locations":[{"start":{"line":12,"column":41},"end":{"line":12,"column":76}},{"start":{"line":12,"column":79},"end":{"line":12,"column":83}}],"line":12},"1":{"loc":{"start":{"line":14,"column":25},"end":{"line":14,"column":56}},"type":"binary-expr","locations":[{"start":{"line":14,"column":25},"end":{"line":14,"column":38}},{"start":{"line":14,"column":42},"end":{"line":14,"column":56}}],"line":14},"2":{"loc":{"start":{"line":17,"column":29},"end":{"line":17,"column":60}},"type":"binary-expr","locations":[{"start":{"line":17,"column":29},"end":{"line":17,"column":40}},{"start":{"line":17,"column":44},"end":{"line":17,"column":60}}],"line":17},"3":{"loc":{"start":{"line":18,"column":26},"end":{"line":18,"column":77}},"type":"cond-expr","locations":[{"start":{"line":18,"column":45},"end":{"line":18,"column":72}},{"start":{"line":18,"column":75},"end":{"line":18,"column":77}}],"line":18},"4":{"loc":{"start":{"line":20,"column":31},"end":{"line":20,"column":50}},"type":"default-arg","locations":[{"start":{"line":20,"column":41},"end":{"line":20,"column":50}}],"line":20},"5":{"loc":{"start":{"line":21,"column":2},"end":{"line":21,"column":43}},"type":"if","locations":[{"start":{"line":21,"column":2},"end":{"line":21,"column":43}},{"start":{},"end":{}}],"line":21},"6":{"loc":{"start":{"line":21,"column":5},"end":{"line":21,"column":34}},"type":"binary-expr","locations":[{"start":{"line":21,"column":5},"end":{"line":21,"column":22}},{"start":{"line":21,"column":26},"end":{"line":21,"column":34}}],"line":21},"7":{"loc":{"start":{"line":22,"column":19},"end":{"line":22,"column":65}},"type":"binary-expr","locations":[{"start":{"line":22,"column":19},"end":{"line":22,"column":36}},{"start":{"line":22,"column":40},"end":{"line":22,"column":65}}],"line":22},"8":{"loc":{"start":{"line":34,"column":31},"end":{"line":34,"column":50}},"type":"default-arg","locations":[{"start":{"line":34,"column":41},"end":{"line":34,"column":50}}],"line":34},"9":{"loc":{"start":{"line":35,"column":2},"end":{"line":35,"column":47}},"type":"if","locations":[{"start":{"line":35,"column":2},"end":{"line":35,"column":47}},{"start":{},"end":{}}],"line":35},"10":{"loc":{"start":{"line":35,"column":5},"end":{"line":35,"column":38}},"type":"binary-expr","locations":[{"start":{"line":35,"column":5},"end":{"line":35,"column":26}},{"start":{"line":35,"column":30},"end":{"line":35,"column":38}}],"line":35},"11":{"loc":{"start":{"line":39,"column":11},"end":{"line":39,"column":34}},"type":"binary-expr","locations":[{"start":{"line":39,"column":11},"end":{"line":39,"column":19}},{"start":{"line":39,"column":23},"end":{"line":39,"column":34}}],"line":39},"12":{"loc":{"start":{"line":52,"column":33},"end":{"line":52,"column":52}},"type":"default-arg","locations":[{"start":{"line":52,"column":43},"end":{"line":52,"column":52}}],"line":52}},"s":{"0":1,"1":1,"2":1,"3":1,"4":1,"5":1,"6":1,"7":1,"8":1,"9":1,"10":0,"11":0,"12":0,"13":0,"14":0,"15":0,"16":1,"17":0,"18":0,"19":0,"20":0,"21":0,"22":0,"23":0,"24":0,"25":0,"26":0,"27":0,"28":1,"29":0,"30":0,"31":1},"f":{"0":0,"1":0,"2":0,"3":0},"b":{"0":[1,0],"1":[1,1],"2":[1,1],"3":[1,0],"4":[0],"5":[0,0],"6":[0,0],"7":[0,0],"8":[0],"9":[0,0],"10":[0,0],"11":[0,0],"12":[0]},"_coverageSchema":"1a1c01bbd47fc00a2c39e90264f33305004495a9","hash":"0cf5adf545ec6953767df15bdf79a0478726e759"}
,"/Users/ruben/Documents/deezy/sat-hunter/run.js": {"path":"/Users/ruben/Documents/deezy/sat-hunter/run.js","statementMap":{"0":{"start":{"line":1,"column":0},"end":{"line":3,"column":2}},"1":{"start":{"line":4,"column":13},"end":{"line":4,"column":28}},"2":{"start":{"line":5,"column":12},"end":{"line":5,"column":37}},"3":{"start":{"line":6,"column":16},"end":{"line":6,"column":40}},"4":{"start":{"line":7,"column":0},"end":{"line":7,"column":23}},"5":{"start":{"line":8,"column":18},"end":{"line":8,"column":50}},"6":{"start":{"line":14,"column":4},"end":{"line":14,"column":23}},"7":{"start":{"line":15,"column":25},"end":{"line":15,"column":42}},"8":{"start":{"line":16,"column":48},"end":{"line":16,"column":66}},"9":{"start":{"line":17,"column":41},"end":{"line":17,"column":64}},"10":{"start":{"line":18,"column":30},"end":{"line":18,"column":59}},"11":{"start":{"line":19,"column":68},"end":{"line":19,"column":89}},"12":{"start":{"line":20,"column":28},"end":{"line":20,"column":50}},"13":{"start":{"line":21,"column":30},"end":{"line":21,"column":33}},"14":{"start":{"line":22,"column":25},"end":{"line":22,"column":28}},"15":{"start":{"line":23,"column":24},"end":{"line":23,"column":29}},"16":{"start":{"line":24,"column":35},"end":{"line":24,"column":40}},"17":{"start":{"line":25,"column":33},"end":{"line":25,"column":38}},"18":{"start":{"line":27,"column":14},"end":{"line":27,"column":71}},"19":{"start":{"line":27,"column":22},"end":{"line":27,"column":71}},"20":{"start":{"line":27,"column":47},"end":{"line":27,"column":70}},"21":{"start":{"line":29,"column":24},"end":{"line":32,"column":6}},"22":{"start":{"line":30,"column":8},"end":{"line":30,"column":26}},"23":{"start":{"line":31,"column":8},"end":{"line":31,"column":16}},"24":{"start":{"line":33,"column":4},"end":{"line":33,"column":66}},"25":{"start":{"line":35,"column":4},"end":{"line":59,"column":5}},"26":{"start":{"line":36,"column":8},"end":{"line":36,"column":59}},"27":{"start":{"line":37,"column":32},"end":{"line":37,"column":43}},"28":{"start":{"line":38,"column":8},"end":{"line":40,"column":9}},"29":{"start":{"line":39,"column":12},"end":{"line":39,"column":103}},"30":{"start":{"line":41,"column":20},"end":{"line":48,"column":10}},"31":{"start":{"line":42,"column":12},"end":{"line":45,"column":13}},"32":{"start":{"line":43,"column":16},"end":{"line":43,"column":98}},"33":{"start":{"line":44,"column":16},"end":{"line":44,"column":49}},"34":{"start":{"line":46,"column":12},"end":{"line":46,"column":30}},"35":{"start":{"line":47,"column":12},"end":{"line":47,"column":22}},"36":{"start":{"line":49,"column":8},"end":{"line":56,"column":9}},"37":{"start":{"line":50,"column":24},"end":{"line":50,"column":81}},"38":{"start":{"line":51,"column":12},"end":{"line":51,"column":28}},"39":{"start":{"line":52,"column":12},"end":{"line":54,"column":13}},"40":{"start":{"line":53,"column":16},"end":{"line":53,"column":44}},"41":{"start":{"line":55,"column":12},"end":{"line":55,"column":46}},"42":{"start":{"line":58,"column":8},"end":{"line":58,"column":71}},"43":{"start":{"line":63,"column":4},"end":{"line":63,"column":47}},"44":{"start":{"line":64,"column":4},"end":{"line":64,"column":21}},"45":{"start":{"line":65,"column":25},"end":{"line":65,"column":54}},"46":{"start":{"line":66,"column":4},"end":{"line":70,"column":5}},"47":{"start":{"line":67,"column":8},"end":{"line":69,"column":9}},"48":{"start":{"line":68,"column":12},"end":{"line":68,"column":98}},"49":{"start":{"line":71,"column":20},"end":{"line":71,"column":94}},"50":{"start":{"line":72,"column":24},"end":{"line":75,"column":5}},"51":{"start":{"line":77,"column":4},"end":{"line":77,"column":34}},"52":{"start":{"line":78,"column":24},"end":{"line":81,"column":6}},"53":{"start":{"line":82,"column":4},"end":{"line":82,"column":28}},"54":{"start":{"line":83,"column":30},"end":{"line":83,"column":66}},"55":{"start":{"line":84,"column":22},"end":{"line":84,"column":48}},"56":{"start":{"line":85,"column":4},"end":{"line":88,"column":5}},"57":{"start":{"line":86,"column":8},"end":{"line":86,"column":144}},"58":{"start":{"line":87,"column":8},"end":{"line":87,"column":14}},"59":{"start":{"line":89,"column":21},"end":{"line":89,"column":59}},"60":{"start":{"line":90,"column":4},"end":{"line":90,"column":40}},"61":{"start":{"line":91,"column":25},"end":{"line":91,"column":47}},"62":{"start":{"line":92,"column":22},"end":{"line":92,"column":38}},"63":{"start":{"line":93,"column":27},"end":{"line":93,"column":64}},"64":{"start":{"line":94,"column":4},"end":{"line":94,"column":80}},"65":{"start":{"line":95,"column":4},"end":{"line":97,"column":5}},"66":{"start":{"line":96,"column":8},"end":{"line":96,"column":76}},"67":{"start":{"line":98,"column":4},"end":{"line":98,"column":26}},"68":{"start":{"line":99,"column":4},"end":{"line":99,"column":46}},"69":{"start":{"line":100,"column":17},"end":{"line":100,"column":64}},"70":{"start":{"line":101,"column":4},"end":{"line":101,"column":21}},"71":{"start":{"line":101,"column":15},"end":{"line":101,"column":21}},"72":{"start":{"line":102,"column":4},"end":{"line":102,"column":105}},"73":{"start":{"line":103,"column":4},"end":{"line":109,"column":5}},"74":{"start":{"line":104,"column":8},"end":{"line":108,"column":9}},"75":{"start":{"line":113,"column":26},"end":{"line":113,"column":53}},"76":{"start":{"line":114,"column":4},"end":{"line":116,"column":5}},"77":{"start":{"line":115,"column":8},"end":{"line":115,"column":119}},"78":{"start":{"line":118,"column":21},"end":{"line":118,"column":45}},"79":{"start":{"line":119,"column":4},"end":{"line":121,"column":5}},"80":{"start":{"line":120,"column":8},"end":{"line":120,"column":124}},"81":{"start":{"line":123,"column":32},"end":{"line":123,"column":70}},"82":{"start":{"line":124,"column":29},"end":{"line":124,"column":57}},"83":{"start":{"line":126,"column":4},"end":{"line":130,"column":5}},"84":{"start":{"line":127,"column":8},"end":{"line":129,"column":9}},"85":{"start":{"line":132,"column":4},"end":{"line":134,"column":5}},"86":{"start":{"line":133,"column":8},"end":{"line":133,"column":53}},"87":{"start":{"line":136,"column":4},"end":{"line":140,"column":5}},"88":{"start":{"line":137,"column":8},"end":{"line":137,"column":85}},"89":{"start":{"line":138,"column":8},"end":{"line":138,"column":130}},"90":{"start":{"line":139,"column":8},"end":{"line":139,"column":43}},"91":{"start":{"line":142,"column":4},"end":{"line":149,"column":5}},"92":{"start":{"line":143,"column":8},"end":{"line":143,"column":65}},"93":{"start":{"line":144,"column":8},"end":{"line":147,"column":9}},"94":{"start":{"line":145,"column":12},"end":{"line":145,"column":119}},"95":{"start":{"line":146,"column":12},"end":{"line":146,"column":36}},"96":{"start":{"line":148,"column":8},"end":{"line":148,"column":14}},"97":{"start":{"line":151,"column":19},"end":{"line":153,"column":6}},"98":{"start":{"line":152,"column":8},"end":{"line":152,"column":65}},"99":{"start":{"line":154,"column":4},"end":{"line":154,"column":71}},"100":{"start":{"line":156,"column":23},"end":{"line":156,"column":25}},"101":{"start":{"line":157,"column":4},"end":{"line":169,"column":5}},"102":{"start":{"line":158,"column":50},"end":{"line":158,"column":92}},"103":{"start":{"line":160,"column":8},"end":{"line":168,"column":9}},"104":{"start":{"line":161,"column":12},"end":{"line":161,"column":106}},"105":{"start":{"line":162,"column":12},"end":{"line":162,"column":68}},"106":{"start":{"line":163,"column":12},"end":{"line":167,"column":13}},"107":{"start":{"line":164,"column":28},"end":{"line":164,"column":138}},"108":{"start":{"line":165,"column":16},"end":{"line":165,"column":32}},"109":{"start":{"line":166,"column":16},"end":{"line":166,"column":43}},"110":{"start":{"line":171,"column":28},"end":{"line":171,"column":47}},"111":{"start":{"line":172,"column":31},"end":{"line":172,"column":40}},"112":{"start":{"line":175,"column":4},"end":{"line":175,"column":51}},"113":{"start":{"line":176,"column":21},"end":{"line":176,"column":38}},"114":{"start":{"line":177,"column":4},"end":{"line":177,"column":60}},"115":{"start":{"line":178,"column":18},"end":{"line":178,"column":45}},"116":{"start":{"line":179,"column":4},"end":{"line":181,"column":5}},"117":{"start":{"line":180,"column":8},"end":{"line":180,"column":14}},"118":{"start":{"line":182,"column":4},"end":{"line":182,"column":22}},"119":{"start":{"line":186,"column":29},"end":{"line":186,"column":31}},"120":{"start":{"line":187,"column":29},"end":{"line":187,"column":65}},"121":{"start":{"line":188,"column":29},"end":{"line":188,"column":57}},"122":{"start":{"line":189,"column":4},"end":{"line":219,"column":5}},"123":{"start":{"line":190,"column":8},"end":{"line":190,"column":49}},"124":{"start":{"line":191,"column":8},"end":{"line":193,"column":9}},"125":{"start":{"line":192,"column":12},"end":{"line":192,"column":67}},"126":{"start":{"line":194,"column":8},"end":{"line":194,"column":65}},"127":{"start":{"line":195,"column":29},"end":{"line":200,"column":9}},"128":{"start":{"line":201,"column":28},"end":{"line":201,"column":59}},"129":{"start":{"line":202,"column":8},"end":{"line":205,"column":9}},"130":{"start":{"line":203,"column":12},"end":{"line":203,"column":64}},"131":{"start":{"line":204,"column":12},"end":{"line":204,"column":54}},"132":{"start":{"line":207,"column":8},"end":{"line":207,"column":56}},"133":{"start":{"line":209,"column":28},"end":{"line":209,"column":59}},"134":{"start":{"line":210,"column":8},"end":{"line":213,"column":9}},"135":{"start":{"line":211,"column":12},"end":{"line":211,"column":64}},"136":{"start":{"line":212,"column":12},"end":{"line":212,"column":54}},"137":{"start":{"line":214,"column":29},"end":{"line":214,"column":66}},"138":{"start":{"line":215,"column":8},"end":{"line":215,"column":46}},"139":{"start":{"line":216,"column":8},"end":{"line":218,"column":9}},"140":{"start":{"line":217,"column":12},"end":{"line":217,"column":51}},"141":{"start":{"line":220,"column":22},"end":{"line":220,"column":23}},"142":{"start":{"line":221,"column":4},"end":{"line":257,"column":5}},"143":{"start":{"line":221,"column":17},"end":{"line":221,"column":18}},"144":{"start":{"line":222,"column":32},"end":{"line":222,"column":51}},"145":{"start":{"line":223,"column":8},"end":{"line":223,"column":82}},"146":{"start":{"line":224,"column":21},"end":{"line":224,"column":64}},"147":{"start":{"line":225,"column":8},"end":{"line":228,"column":9}},"148":{"start":{"line":226,"column":12},"end":{"line":226,"column":74}},"149":{"start":{"line":227,"column":12},"end":{"line":227,"column":20}},"150":{"start":{"line":229,"column":8},"end":{"line":239,"column":9}},"151":{"start":{"line":230,"column":12},"end":{"line":230,"column":78}},"152":{"start":{"line":231,"column":12},"end":{"line":231,"column":29}},"153":{"start":{"line":232,"column":12},"end":{"line":232,"column":25}},"154":{"start":{"line":233,"column":12},"end":{"line":236,"column":13}},"155":{"start":{"line":234,"column":16},"end":{"line":234,"column":62}},"156":{"start":{"line":235,"column":16},"end":{"line":235,"column":24}},"157":{"start":{"line":237,"column":12},"end":{"line":237,"column":15}},"158":{"start":{"line":238,"column":12},"end":{"line":238,"column":20}},"159":{"start":{"line":240,"column":8},"end":{"line":240,"column":75}},"160":{"start":{"line":241,"column":8},"end":{"line":248,"column":9}},"161":{"start":{"line":242,"column":12},"end":{"line":247,"column":13}},"162":{"start":{"line":243,"column":33},"end":{"line":243,"column":78}},"163":{"start":{"line":244,"column":16},"end":{"line":246,"column":17}},"164":{"start":{"line":245,"column":20},"end":{"line":245,"column":48}},"165":{"start":{"line":249,"column":8},"end":{"line":249,"column":89}},"166":{"start":{"line":251,"column":8},"end":{"line":256,"column":10}},"167":{"start":{"line":260,"column":0},"end":{"line":263,"column":1}}},"fnMap":{"0":{"name":"(anonymous_0)","decl":{"start":{"line":27,"column":14},"end":{"line":27,"column":15}},"loc":{"start":{"line":27,"column":22},"end":{"line":27,"column":71}},"line":27},"1":{"name":"(anonymous_1)","decl":{"start":{"line":27,"column":34},"end":{"line":27,"column":35}},"loc":{"start":{"line":27,"column":47},"end":{"line":27,"column":70}},"line":27},"2":{"name":"maybe_withdraw","decl":{"start":{"line":28,"column":15},"end":{"line":28,"column":29}},"loc":{"start":{"line":28,"column":55},"end":{"line":60,"column":1}},"line":28},"3":{"name":"(anonymous_3)","decl":{"start":{"line":29,"column":63},"end":{"line":29,"column":64}},"loc":{"start":{"line":29,"column":72},"end":{"line":32,"column":5}},"line":29},"4":{"name":"(anonymous_4)","decl":{"start":{"line":41,"column":85},"end":{"line":41,"column":86}},"loc":{"start":{"line":41,"column":100},"end":{"line":48,"column":9}},"line":41},"5":{"name":"decode_sign_and_send_psbt","decl":{"start":{"line":62,"column":15},"end":{"line":62,"column":40}},"loc":{"start":{"line":62,"column":103},"end":{"line":110,"column":1}},"line":62},"6":{"name":"run","decl":{"start":{"line":112,"column":15},"end":{"line":112,"column":18}},"loc":{"start":{"line":112,"column":21},"end":{"line":258,"column":1}},"line":112},"7":{"name":"(anonymous_7)","decl":{"start":{"line":151,"column":46},"end":{"line":151,"column":47}},"loc":{"start":{"line":151,"column":55},"end":{"line":153,"column":5}},"line":151}},"branchMap":{"0":{"loc":{"start":{"line":35,"column":4},"end":{"line":59,"column":5}},"type":"if","locations":[{"start":{"line":35,"column":4},"end":{"line":59,"column":5}},{"start":{"line":57,"column":11},"end":{"line":59,"column":5}}],"line":35},"1":{"loc":{"start":{"line":35,"column":23},"end":{"line":35,"column":64}},"type":"binary-expr","locations":[{"start":{"line":35,"column":23},"end":{"line":35,"column":59}},{"start":{"line":35,"column":63},"end":{"line":35,"column":64}}],"line":35},"2":{"loc":{"start":{"line":38,"column":8},"end":{"line":40,"column":9}},"type":"if","locations":[{"start":{"line":38,"column":8},"end":{"line":40,"column":9}},{"start":{},"end":{}}],"line":38},"3":{"loc":{"start":{"line":42,"column":12},"end":{"line":45,"column":13}},"type":"if","locations":[{"start":{"line":42,"column":12},"end":{"line":45,"column":13}},{"start":{},"end":{}}],"line":42},"4":{"loc":{"start":{"line":49,"column":8},"end":{"line":56,"column":9}},"type":"if","locations":[{"start":{"line":49,"column":8},"end":{"line":56,"column":9}},{"start":{},"end":{}}],"line":49},"5":{"loc":{"start":{"line":52,"column":12},"end":{"line":54,"column":13}},"type":"if","locations":[{"start":{"line":52,"column":12},"end":{"line":54,"column":13}},{"start":{},"end":{}}],"line":52},"6":{"loc":{"start":{"line":67,"column":8},"end":{"line":69,"column":9}},"type":"if","locations":[{"start":{"line":67,"column":8},"end":{"line":69,"column":9}},{"start":{},"end":{}}],"line":67},"7":{"loc":{"start":{"line":67,"column":12},"end":{"line":67,"column":86}},"type":"binary-expr","locations":[{"start":{"line":67,"column":12},"end":{"line":67,"column":47}},{"start":{"line":67,"column":51},"end":{"line":67,"column":86}}],"line":67},"8":{"loc":{"start":{"line":85,"column":4},"end":{"line":88,"column":5}},"type":"if","locations":[{"start":{"line":85,"column":4},"end":{"line":88,"column":5}},{"start":{},"end":{}}],"line":85},"9":{"loc":{"start":{"line":85,"column":21},"end":{"line":85,"column":57}},"type":"binary-expr","locations":[{"start":{"line":85,"column":21},"end":{"line":85,"column":45}},{"start":{"line":85,"column":49},"end":{"line":85,"column":57}}],"line":85},"10":{"loc":{"start":{"line":86,"column":80},"end":{"line":86,"column":116}},"type":"binary-expr","locations":[{"start":{"line":86,"column":80},"end":{"line":86,"column":104}},{"start":{"line":86,"column":108},"end":{"line":86,"column":116}}],"line":86},"11":{"loc":{"start":{"line":95,"column":4},"end":{"line":97,"column":5}},"type":"if","locations":[{"start":{"line":95,"column":4},"end":{"line":97,"column":5}},{"start":{},"end":{}}],"line":95},"12":{"loc":{"start":{"line":95,"column":38},"end":{"line":95,"column":87}},"type":"binary-expr","locations":[{"start":{"line":95,"column":38},"end":{"line":95,"column":62}},{"start":{"line":95,"column":66},"end":{"line":95,"column":87}}],"line":95},"13":{"loc":{"start":{"line":101,"column":4},"end":{"line":101,"column":21}},"type":"if","locations":[{"start":{"line":101,"column":4},"end":{"line":101,"column":21}},{"start":{},"end":{}}],"line":101},"14":{"loc":{"start":{"line":103,"column":4},"end":{"line":109,"column":5}},"type":"if","locations":[{"start":{"line":103,"column":4},"end":{"line":109,"column":5}},{"start":{},"end":{}}],"line":103},"15":{"loc":{"start":{"line":106,"column":16},"end":{"line":106,"column":52}},"type":"cond-expr","locations":[{"start":{"line":106,"column":33},"end":{"line":106,"column":47}},{"start":{"line":106,"column":50},"end":{"line":106,"column":52}}],"line":106},"16":{"loc":{"start":{"line":114,"column":4},"end":{"line":116,"column":5}},"type":"if","locations":[{"start":{"line":114,"column":4},"end":{"line":116,"column":5}},{"start":{},"end":{}}],"line":114},"17":{"loc":{"start":{"line":119,"column":4},"end":{"line":121,"column":5}},"type":"if","locations":[{"start":{"line":119,"column":4},"end":{"line":121,"column":5}},{"start":{},"end":{}}],"line":119},"18":{"loc":{"start":{"line":126,"column":4},"end":{"line":130,"column":5}},"type":"if","locations":[{"start":{"line":126,"column":4},"end":{"line":130,"column":5}},{"start":{},"end":{}}],"line":126},"19":{"loc":{"start":{"line":126,"column":8},"end":{"line":126,"column":47}},"type":"binary-expr","locations":[{"start":{"line":126,"column":8},"end":{"line":126,"column":27}},{"start":{"line":126,"column":31},"end":{"line":126,"column":47}}],"line":126},"20":{"loc":{"start":{"line":132,"column":4},"end":{"line":134,"column":5}},"type":"if","locations":[{"start":{"line":132,"column":4},"end":{"line":134,"column":5}},{"start":{},"end":{}}],"line":132},"21":{"loc":{"start":{"line":136,"column":4},"end":{"line":140,"column":5}},"type":"if","locations":[{"start":{"line":136,"column":4},"end":{"line":140,"column":5}},{"start":{},"end":{}}],"line":136},"22":{"loc":{"start":{"line":136,"column":8},"end":{"line":136,"column":60}},"type":"binary-expr","locations":[{"start":{"line":136,"column":8},"end":{"line":136,"column":27}},{"start":{"line":136,"column":31},"end":{"line":136,"column":60}}],"line":136},"23":{"loc":{"start":{"line":142,"column":4},"end":{"line":149,"column":5}},"type":"if","locations":[{"start":{"line":142,"column":4},"end":{"line":149,"column":5}},{"start":{},"end":{}}],"line":142},"24":{"loc":{"start":{"line":144,"column":8},"end":{"line":147,"column":9}},"type":"if","locations":[{"start":{"line":144,"column":8},"end":{"line":147,"column":9}},{"start":{},"end":{}}],"line":144},"25":{"loc":{"start":{"line":154,"column":34},"end":{"line":154,"column":70}},"type":"binary-expr","locations":[{"start":{"line":154,"column":34},"end":{"line":154,"column":58}},{"start":{"line":154,"column":62},"end":{"line":154,"column":70}}],"line":154},"26":{"loc":{"start":{"line":157,"column":4},"end":{"line":169,"column":5}},"type":"if","locations":[{"start":{"line":157,"column":4},"end":{"line":169,"column":5}},{"start":{},"end":{}}],"line":157},"27":{"loc":{"start":{"line":160,"column":8},"end":{"line":168,"column":9}},"type":"if","locations":[{"start":{"line":160,"column":8},"end":{"line":168,"column":9}},{"start":{},"end":{}}],"line":160},"28":{"loc":{"start":{"line":163,"column":12},"end":{"line":167,"column":13}},"type":"if","locations":[{"start":{"line":163,"column":12},"end":{"line":167,"column":13}},{"start":{},"end":{}}],"line":163},"29":{"loc":{"start":{"line":179,"column":4},"end":{"line":181,"column":5}},"type":"if","locations":[{"start":{"line":179,"column":4},"end":{"line":181,"column":5}},{"start":{},"end":{}}],"line":179},"30":{"loc":{"start":{"line":191,"column":8},"end":{"line":193,"column":9}},"type":"if","locations":[{"start":{"line":191,"column":8},"end":{"line":193,"column":9}},{"start":{},"end":{}}],"line":191},"31":{"loc":{"start":{"line":191,"column":12},"end":{"line":191,"column":74}},"type":"binary-expr","locations":[{"start":{"line":191,"column":12},"end":{"line":191,"column":38}},{"start":{"line":191,"column":42},"end":{"line":191,"column":74}}],"line":191},"32":{"loc":{"start":{"line":202,"column":8},"end":{"line":205,"column":9}},"type":"if","locations":[{"start":{"line":202,"column":8},"end":{"line":205,"column":9}},{"start":{},"end":{}}],"line":202},"33":{"loc":{"start":{"line":210,"column":8},"end":{"line":213,"column":9}},"type":"if","locations":[{"start":{"line":210,"column":8},"end":{"line":213,"column":9}},{"start":{},"end":{}}],"line":210},"34":{"loc":{"start":{"line":216,"column":8},"end":{"line":218,"column":9}},"type":"if","locations":[{"start":{"line":216,"column":8},"end":{"line":218,"column":9}},{"start":{},"end":{}}],"line":216},"35":{"loc":{"start":{"line":225,"column":8},"end":{"line":228,"column":9}},"type":"if","locations":[{"start":{"line":225,"column":8},"end":{"line":228,"column":9}},{"start":{},"end":{}}],"line":225},"36":{"loc":{"start":{"line":229,"column":8},"end":{"line":239,"column":9}},"type":"if","locations":[{"start":{"line":229,"column":8},"end":{"line":239,"column":9}},{"start":{},"end":{}}],"line":229},"37":{"loc":{"start":{"line":233,"column":12},"end":{"line":236,"column":13}},"type":"if","locations":[{"start":{"line":233,"column":12},"end":{"line":236,"column":13}},{"start":{},"end":{}}],"line":233},"38":{"loc":{"start":{"line":241,"column":8},"end":{"line":248,"column":9}},"type":"if","locations":[{"start":{"line":241,"column":8},"end":{"line":248,"column":9}},{"start":{},"end":{}}],"line":241},"39":{"loc":{"start":{"line":242,"column":12},"end":{"line":247,"column":13}},"type":"if","locations":[{"start":{"line":242,"column":12},"end":{"line":247,"column":13}},{"start":{},"end":{}}],"line":242},"40":{"loc":{"start":{"line":242,"column":16},"end":{"line":242,"column":78}},"type":"binary-expr","locations":[{"start":{"line":242,"column":16},"end":{"line":242,"column":42}},{"start":{"line":242,"column":46},"end":{"line":242,"column":78}}],"line":242}},"s":{"0":1,"1":1,"2":1,"3":1,"4":1,"5":1,"6":1,"7":1,"8":1,"9":1,"10":1,"11":1,"12":1,"13":1,"14":1,"15":1,"16":1,"17":1,"18":1,"19":0,"20":0,"21":1,"22":0,"23":0,"24":1,"25":1,"26":0,"27":0,"28":0,"29":0,"30":0,"31":0,"32":0,"33":0,"34":0,"35":0,"36":0,"37":0,"38":0,"39":0,"40":0,"41":0,"42":1,"43":0,"44":0,"45":0,"46":0,"47":0,"48":0,"49":0,"50":0,"51":0,"52":0,"53":0,"54":0,"55":0,"56":0,"57":0,"58":0,"59":0,"60":0,"61":0,"62":0,"63":0,"64":0,"65":0,"66":0,"67":0,"68":0,"69":0,"70":0,"71":0,"72":0,"73":0,"74":0,"75":1,"76":1,"77":0,"78":1,"79":1,"80":0,"81":1,"82":1,"83":1,"84":0,"85":1,"86":1,"87":1,"88":0,"89":0,"90":0,"91":1,"92":0,"93":0,"94":0,"95":0,"96":0,"97":1,"98":0,"99":1,"100":1,"101":1,"102":1,"103":0,"104":0,"105":0,"106":0,"107":0,"108":0,"109":0,"110":0,"111":0,"112":0,"113":0,"114":0,"115":0,"116":0,"117":0,"118":0,"119":0,"120":0,"121":0,"122":0,"123":0,"124":0,"125":0,"126":0,"127":0,"128":0,"129":0,"130":0,"131":0,"132":0,"133":0,"134":0,"135":0,"136":0,"137":0,"138":0,"139":0,"140":0,"141":0,"142":0,"143":0,"144":0,"145":0,"146":0,"147":0,"148":0,"149":0,"150":0,"151":0,"152":0,"153":0,"154":0,"155":0,"156":0,"157":0,"158":0,"159":0,"160":0,"161":0,"162":0,"163":0,"164":0,"165":0,"166":0,"167":1},"f":{"0":0,"1":0,"2":1,"3":0,"4":0,"5":0,"6":1,"7":0},"b":{"0":[0,1],"1":[1,0],"2":[0,0],"3":[0,0],"4":[0,0],"5":[0,0],"6":[0,0],"7":[0,0],"8":[0,0],"9":[0,0],"10":[0,0],"11":[0,0],"12":[0,0],"13":[0,0],"14":[0,0],"15":[0,0],"16":[0,1],"17":[0,1],"18":[0,1],"19":[1,0],"20":[1,0],"21":[0,1],"22":[1,0],"23":[0,1],"24":[0,0],"25":[1,0],"26":[1,0],"27":[0,0],"28":[0,0],"29":[0,0],"30":[0,0],"31":[0,0],"32":[0,0],"33":[0,0],"34":[0,0],"35":[0,0],"36":[0,0],"37":[0,0],"38":[0,0],"39":[0,0],"40":[0,0]},"_coverageSchema":"1a1c01bbd47fc00a2c39e90264f33305004495a9","hash":"856ca3528bc099230ce3f045dae2e6575efe8e51"}
,"/Users/ruben/Documents/deezy/sat-hunter/satributes.js": {"path":"/Users/ruben/Documents/deezy/sat-hunter/satributes.js","statementMap":{"0":{"start":{"line":1,"column":29},"end":{"line":1,"column":55}},"1":{"start":{"line":2,"column":25},"end":{"line":19,"column":1}},"2":{"start":{"line":22,"column":4},"end":{"line":22,"column":78}},"3":{"start":{"line":22,"column":33},"end":{"line":22,"column":78}},"4":{"start":{"line":23,"column":21},"end":{"line":23,"column":65}},"5":{"start":{"line":24,"column":4},"end":{"line":41,"column":5}},"6":{"start":{"line":25,"column":18},"end":{"line":25,"column":20}},"7":{"start":{"line":26,"column":8},"end":{"line":28,"column":9}},"8":{"start":{"line":27,"column":12},"end":{"line":27,"column":55}},"9":{"start":{"line":29,"column":8},"end":{"line":31,"column":9}},"10":{"start":{"line":30,"column":12},"end":{"line":30,"column":31}},"11":{"start":{"line":32,"column":8},"end":{"line":35,"column":9}},"12":{"start":{"line":33,"column":12},"end":{"line":33,"column":55}},"13":{"start":{"line":34,"column":12},"end":{"line":34,"column":70}},"14":{"start":{"line":36,"column":8},"end":{"line":36,"column":165}},"15":{"start":{"line":37,"column":8},"end":{"line":39,"column":9}},"16":{"start":{"line":38,"column":12},"end":{"line":38,"column":46}},"17":{"start":{"line":40,"column":8},"end":{"line":40,"column":26}},"18":{"start":{"line":42,"column":4},"end":{"line":42,"column":19}},"19":{"start":{"line":45,"column":0},"end":{"line":47,"column":1}}},"fnMap":{"0":{"name":"generate_satributes_messages","decl":{"start":{"line":21,"column":9},"end":{"line":21,"column":37}},"loc":{"start":{"line":21,"column":50},"end":{"line":43,"column":1}},"line":21}},"branchMap":{"0":{"loc":{"start":{"line":22,"column":4},"end":{"line":22,"column":78}},"type":"if","locations":[{"start":{"line":22,"column":4},"end":{"line":22,"column":78}},{"start":{},"end":{}}],"line":22},"1":{"loc":{"start":{"line":27,"column":22},"end":{"line":27,"column":52}},"type":"binary-expr","locations":[{"start":{"line":27,"column":22},"end":{"line":27,"column":46}},{"start":{"line":27,"column":50},"end":{"line":27,"column":52}}],"line":27},"2":{"loc":{"start":{"line":32,"column":40},"end":{"line":32,"column":68}},"type":"binary-expr","locations":[{"start":{"line":32,"column":40},"end":{"line":32,"column":62}},{"start":{"line":32,"column":66},"end":{"line":32,"column":68}}],"line":32},"3":{"loc":{"start":{"line":36,"column":44},"end":{"line":36,"column":93}},"type":"cond-expr","locations":[{"start":{"line":36,"column":61},"end":{"line":36,"column":88}},{"start":{"line":36,"column":91},"end":{"line":36,"column":93}}],"line":36},"4":{"loc":{"start":{"line":36,"column":96},"end":{"line":36,"column":163}},"type":"cond-expr","locations":[{"start":{"line":36,"column":118},"end":{"line":36,"column":158}},{"start":{"line":36,"column":161},"end":{"line":36,"column":163}}],"line":36},"5":{"loc":{"start":{"line":37,"column":8},"end":{"line":39,"column":9}},"type":"if","locations":[{"start":{"line":37,"column":8},"end":{"line":39,"column":9}},{"start":{},"end":{}}],"line":37}},"s":{"0":1,"1":1,"2":0,"3":0,"4":0,"5":0,"6":0,"7":0,"8":0,"9":0,"10":0,"11":0,"12":0,"13":0,"14":0,"15":0,"16":0,"17":0,"18":0,"19":1},"f":{"0":0},"b":{"0":[0,0],"1":[0,0],"2":[0,0],"3":[0,0],"4":[0,0],"5":[0,0]},"_coverageSchema":"1a1c01bbd47fc00a2c39e90264f33305004495a9","hash":"42772d248e7f1261bc4ecd15a8e31fb64e55ac5b"}
,"/Users/ruben/Documents/deezy/sat-hunter/utils.js": {"path":"/Users/ruben/Documents/deezy/sat-hunter/utils.js","statementMap":{"0":{"start":{"line":2,"column":35},"end":{"line":2,"column":59}},"1":{"start":{"line":3,"column":4},"end":{"line":9,"column":5}},"2":{"start":{"line":4,"column":8},"end":{"line":4,"column":51}},"3":{"start":{"line":5,"column":8},"end":{"line":5,"column":68}},"4":{"start":{"line":6,"column":11},"end":{"line":9,"column":5}},"5":{"start":{"line":7,"column":8},"end":{"line":7,"column":53}},"6":{"start":{"line":8,"column":8},"end":{"line":8,"column":70}},"7":{"start":{"line":10,"column":4},"end":{"line":13,"column":5}},"8":{"start":{"line":12,"column":8},"end":{"line":12,"column":17}},"9":{"start":{"line":14,"column":4},"end":{"line":16,"column":5}},"10":{"start":{"line":15,"column":8},"end":{"line":15,"column":19}},"11":{"start":{"line":17,"column":4},"end":{"line":20,"column":37}},"12":{"start":{"line":20,"column":22},"end":{"line":20,"column":36}},"13":{"start":{"line":24,"column":35},"end":{"line":24,"column":59}},"14":{"start":{"line":25,"column":4},"end":{"line":28,"column":5}},"15":{"start":{"line":27,"column":8},"end":{"line":27,"column":17}},"16":{"start":{"line":29,"column":4},"end":{"line":32,"column":37}},"17":{"start":{"line":32,"column":22},"end":{"line":32,"column":36}},"18":{"start":{"line":36,"column":35},"end":{"line":36,"column":60}},"19":{"start":{"line":37,"column":4},"end":{"line":43,"column":5}},"20":{"start":{"line":38,"column":8},"end":{"line":38,"column":51}},"21":{"start":{"line":39,"column":8},"end":{"line":39,"column":69}},"22":{"start":{"line":40,"column":11},"end":{"line":43,"column":5}},"23":{"start":{"line":41,"column":8},"end":{"line":41,"column":53}},"24":{"start":{"line":42,"column":8},"end":{"line":42,"column":71}},"25":{"start":{"line":44,"column":4},"end":{"line":46,"column":5}},"26":{"start":{"line":45,"column":8},"end":{"line":45,"column":19}},"27":{"start":{"line":47,"column":4},"end":{"line":51,"column":13}},"28":{"start":{"line":48,"column":28},"end":{"line":48,"column":53}},"29":{"start":{"line":49,"column":8},"end":{"line":49,"column":34}},"30":{"start":{"line":50,"column":8},"end":{"line":50,"column":19}},"31":{"start":{"line":54,"column":0},"end":{"line":58,"column":1}}},"fnMap":{"0":{"name":"get_excluded_tags","decl":{"start":{"line":1,"column":9},"end":{"line":1,"column":26}},"loc":{"start":{"line":1,"column":41},"end":{"line":21,"column":1}},"line":1},"1":{"name":"(anonymous_1)","decl":{"start":{"line":20,"column":13},"end":{"line":20,"column":14}},"loc":{"start":{"line":20,"column":22},"end":{"line":20,"column":36}},"line":20},"2":{"name":"get_included_tags","decl":{"start":{"line":23,"column":9},"end":{"line":23,"column":26}},"loc":{"start":{"line":23,"column":29},"end":{"line":33,"column":1}},"line":23},"3":{"name":"(anonymous_3)","decl":{"start":{"line":32,"column":13},"end":{"line":32,"column":14}},"loc":{"start":{"line":32,"column":22},"end":{"line":32,"column":36}},"line":32},"4":{"name":"get_min_tag_sizes","decl":{"start":{"line":35,"column":9},"end":{"line":35,"column":26}},"loc":{"start":{"line":35,"column":41},"end":{"line":52,"column":1}},"line":35},"5":{"name":"(anonymous_5)","decl":{"start":{"line":47,"column":61},"end":{"line":47,"column":62}},"loc":{"start":{"line":47,"column":79},"end":{"line":51,"column":7}},"line":47}},"branchMap":{"0":{"loc":{"start":{"line":3,"column":4},"end":{"line":9,"column":5}},"type":"if","locations":[{"start":{"line":3,"column":4},"end":{"line":9,"column":5}},{"start":{"line":6,"column":11},"end":{"line":9,"column":5}}],"line":3},"1":{"loc":{"start":{"line":3,"column":8},"end":{"line":3,"column":121}},"type":"binary-expr","locations":[{"start":{"line":3,"column":8},"end":{"line":3,"column":51}},{"start":{"line":3,"column":55},"end":{"line":3,"column":121}}],"line":3},"2":{"loc":{"start":{"line":6,"column":11},"end":{"line":9,"column":5}},"type":"if","locations":[{"start":{"line":6,"column":11},"end":{"line":9,"column":5}},{"start":{},"end":{}}],"line":6},"3":{"loc":{"start":{"line":6,"column":15},"end":{"line":6,"column":132}},"type":"binary-expr","locations":[{"start":{"line":6,"column":15},"end":{"line":6,"column":60}},{"start":{"line":6,"column":64},"end":{"line":6,"column":132}}],"line":6},"4":{"loc":{"start":{"line":10,"column":4},"end":{"line":13,"column":5}},"type":"if","locations":[{"start":{"line":10,"column":4},"end":{"line":13,"column":5}},{"start":{},"end":{}}],"line":10},"5":{"loc":{"start":{"line":14,"column":4},"end":{"line":16,"column":5}},"type":"if","locations":[{"start":{"line":14,"column":4},"end":{"line":16,"column":5}},{"start":{},"end":{}}],"line":14},"6":{"loc":{"start":{"line":25,"column":4},"end":{"line":28,"column":5}},"type":"if","locations":[{"start":{"line":25,"column":4},"end":{"line":28,"column":5}},{"start":{},"end":{}}],"line":25},"7":{"loc":{"start":{"line":25,"column":8},"end":{"line":25,"column":75}},"type":"binary-expr","locations":[{"start":{"line":25,"column":8},"end":{"line":25,"column":33}},{"start":{"line":25,"column":37},"end":{"line":25,"column":75}}],"line":25},"8":{"loc":{"start":{"line":37,"column":4},"end":{"line":43,"column":5}},"type":"if","locations":[{"start":{"line":37,"column":4},"end":{"line":43,"column":5}},{"start":{"line":40,"column":11},"end":{"line":43,"column":5}}],"line":37},"9":{"loc":{"start":{"line":37,"column":8},"end":{"line":37,"column":123}},"type":"binary-expr","locations":[{"start":{"line":37,"column":8},"end":{"line":37,"column":52}},{"start":{"line":37,"column":56},"end":{"line":37,"column":123}}],"line":37},"10":{"loc":{"start":{"line":40,"column":11},"end":{"line":43,"column":5}},"type":"if","locations":[{"start":{"line":40,"column":11},"end":{"line":43,"column":5}},{"start":{},"end":{}}],"line":40},"11":{"loc":{"start":{"line":40,"column":15},"end":{"line":40,"column":134}},"type":"binary-expr","locations":[{"start":{"line":40,"column":15},"end":{"line":40,"column":61}},{"start":{"line":40,"column":65},"end":{"line":40,"column":134}}],"line":40},"12":{"loc":{"start":{"line":44,"column":4},"end":{"line":46,"column":5}},"type":"if","locations":[{"start":{"line":44,"column":4},"end":{"line":46,"column":5}},{"start":{},"end":{}}],"line":44}},"s":{"0":8,"1":8,"2":1,"3":1,"4":7,"5":1,"6":1,"7":8,"8":1,"9":7,"10":1,"11":6,"12":13,"13":5,"14":5,"15":2,"16":3,"17":8,"18":5,"19":5,"20":1,"21":1,"22":4,"23":0,"24":0,"25":5,"26":1,"27":4,"28":8,"29":8,"30":8,"31":2},"f":{"0":8,"1":13,"2":5,"3":8,"4":5,"5":8},"b":{"0":[1,7],"1":[8,8],"2":[1,6],"3":[7,7],"4":[1,7],"5":[1,6],"6":[2,3],"7":[5,3],"8":[1,4],"9":[5,2],"10":[0,4],"11":[4,0],"12":[1,4]},"_coverageSchema":"1a1c01bbd47fc00a2c39e90264f33305004495a9","hash":"f15fbfb5985f175762a03fb0ed092b5a0cb77d0f"}
,"/Users/ruben/Documents/deezy/sat-hunter/wallet.js": {"path":"/Users/ruben/Documents/deezy/sat-hunter/wallet.js","statementMap":{"0":{"start":{"line":8,"column":4},"end":{"line":8,"column":24}},"1":{"start":{"line":9,"column":14},"end":{"line":9,"column":30}},"2":{"start":{"line":10,"column":12},"end":{"line":10,"column":37}},"3":{"start":{"line":11,"column":23},"end":{"line":11,"column":39}},"4":{"start":{"line":12,"column":14},"end":{"line":12,"column":31}},"5":{"start":{"line":13,"column":16},"end":{"line":13,"column":40}},"6":{"start":{"line":14,"column":14},"end":{"line":14,"column":30}},"7":{"start":{"line":15,"column":27},"end":{"line":15,"column":64}},"8":{"start":{"line":16,"column":20},"end":{"line":16,"column":70}},"9":{"start":{"line":17,"column":32},"end":{"line":17,"column":36}},"10":{"start":{"line":19,"column":0},"end":{"line":19,"column":23}},"11":{"start":{"line":21,"column":20},"end":{"line":21,"column":40}},"12":{"start":{"line":22,"column":20},"end":{"line":22,"column":65}},"13":{"start":{"line":29,"column":16},"end":{"line":29,"column":79}},"14":{"start":{"line":29,"column":27},"end":{"line":29,"column":78}},"15":{"start":{"line":31,"column":0},"end":{"line":66,"column":1}},"16":{"start":{"line":32,"column":4},"end":{"line":34,"column":5}},"17":{"start":{"line":33,"column":8},"end":{"line":33,"column":81}},"18":{"start":{"line":36,"column":24},"end":{"line":36,"column":53}},"19":{"start":{"line":37,"column":24},"end":{"line":37,"column":61}},"20":{"start":{"line":38,"column":4},"end":{"line":38,"column":46}},"21":{"start":{"line":40,"column":26},"end":{"line":40,"column":74}},"22":{"start":{"line":41,"column":4},"end":{"line":41,"column":42}},"23":{"start":{"line":42,"column":4},"end":{"line":44,"column":5}},"24":{"start":{"line":43,"column":8},"end":{"line":43,"column":70}},"25":{"start":{"line":45,"column":4},"end":{"line":45,"column":118}},"26":{"start":{"line":46,"column":4},"end":{"line":46,"column":60}},"27":{"start":{"line":47,"column":4},"end":{"line":47,"column":57}},"28":{"start":{"line":49,"column":4},"end":{"line":55,"column":5}},"29":{"start":{"line":50,"column":34},"end":{"line":50,"column":95}},"30":{"start":{"line":51,"column":8},"end":{"line":51,"column":43}},"31":{"start":{"line":53,"column":36},"end":{"line":53,"column":96}},"32":{"start":{"line":54,"column":8},"end":{"line":54,"column":45}},"33":{"start":{"line":56,"column":4},"end":{"line":65,"column":5}},"34":{"start":{"line":57,"column":8},"end":{"line":57,"column":152}},"35":{"start":{"line":59,"column":8},"end":{"line":59,"column":55}},"36":{"start":{"line":60,"column":8},"end":{"line":64,"column":9}},"37":{"start":{"line":61,"column":12},"end":{"line":63,"column":14}},"38":{"start":{"line":69,"column":16},"end":{"line":69,"column":56}},"39":{"start":{"line":70,"column":21},"end":{"line":73,"column":6}},"40":{"start":{"line":71,"column":8},"end":{"line":71,"column":26}},"41":{"start":{"line":72,"column":8},"end":{"line":72,"column":17}},"42":{"start":{"line":74,"column":4},"end":{"line":74,"column":15}},"43":{"start":{"line":77,"column":4},"end":{"line":85,"column":5}},"44":{"start":{"line":78,"column":25},"end":{"line":78,"column":38}},"45":{"start":{"line":79,"column":34},"end":{"line":79,"column":105}},"46":{"start":{"line":79,"column":56},"end":{"line":79,"column":104}},"47":{"start":{"line":80,"column":28},"end":{"line":80,"column":70}},"48":{"start":{"line":81,"column":8},"end":{"line":83,"column":9}},"49":{"start":{"line":82,"column":12},"end":{"line":82,"column":101}},"50":{"start":{"line":84,"column":8},"end":{"line":84,"column":67}},"51":{"start":{"line":84,"column":43},"end":{"line":84,"column":66}},"52":{"start":{"line":86,"column":20},"end":{"line":86,"column":52}},"53":{"start":{"line":87,"column":4},"end":{"line":89,"column":5}},"54":{"start":{"line":88,"column":8},"end":{"line":88,"column":59}},"55":{"start":{"line":90,"column":21},"end":{"line":90,"column":68}},"56":{"start":{"line":91,"column":4},"end":{"line":93,"column":5}},"57":{"start":{"line":92,"column":8},"end":{"line":92,"column":53}},"58":{"start":{"line":94,"column":32},"end":{"line":94,"column":47}},"59":{"start":{"line":95,"column":30},"end":{"line":95,"column":88}},"60":{"start":{"line":95,"column":52},"end":{"line":95,"column":87}},"61":{"start":{"line":96,"column":24},"end":{"line":96,"column":70}},"62":{"start":{"line":97,"column":4},"end":{"line":99,"column":5}},"63":{"start":{"line":98,"column":8},"end":{"line":98,"column":97}},"64":{"start":{"line":100,"column":4},"end":{"line":100,"column":63}},"65":{"start":{"line":100,"column":39},"end":{"line":100,"column":62}},"66":{"start":{"line":104,"column":4},"end":{"line":107,"column":5}},"67":{"start":{"line":105,"column":31},"end":{"line":105,"column":63}},"68":{"start":{"line":106,"column":8},"end":{"line":106,"column":74}},"69":{"start":{"line":108,"column":22},"end":{"line":108,"column":51}},"70":{"start":{"line":109,"column":4},"end":{"line":126,"column":5}},"71":{"start":{"line":110,"column":8},"end":{"line":113,"column":10}},"72":{"start":{"line":114,"column":8},"end":{"line":114,"column":101}},"73":{"start":{"line":116,"column":8},"end":{"line":124,"column":10}},"74":{"start":{"line":125,"column":8},"end":{"line":125,"column":97}},"75":{"start":{"line":128,"column":4},"end":{"line":128,"column":53}},"76":{"start":{"line":133,"column":16},"end":{"line":133,"column":35}},"77":{"start":{"line":134,"column":21},"end":{"line":137,"column":6}},"78":{"start":{"line":135,"column":8},"end":{"line":135,"column":26}},"79":{"start":{"line":136,"column":8},"end":{"line":136,"column":17}},"80":{"start":{"line":138,"column":4},"end":{"line":138,"column":15}},"81":{"start":{"line":142,"column":16},"end":{"line":142,"column":49}},"82":{"start":{"line":143,"column":21},"end":{"line":146,"column":6}},"83":{"start":{"line":144,"column":8},"end":{"line":144,"column":26}},"84":{"start":{"line":145,"column":8},"end":{"line":145,"column":17}},"85":{"start":{"line":147,"column":4},"end":{"line":147,"column":15}},"86":{"start":{"line":151,"column":4},"end":{"line":153,"column":5}},"87":{"start":{"line":152,"column":8},"end":{"line":152,"column":42}},"88":{"start":{"line":154,"column":17},"end":{"line":154,"column":58}},"89":{"start":{"line":155,"column":4},"end":{"line":157,"column":5}},"90":{"start":{"line":156,"column":8},"end":{"line":156,"column":47}},"91":{"start":{"line":158,"column":4},"end":{"line":158,"column":15}},"92":{"start":{"line":162,"column":16},"end":{"line":162,"column":55}},"93":{"start":{"line":163,"column":21},"end":{"line":168,"column":6}},"94":{"start":{"line":166,"column":8},"end":{"line":166,"column":26}},"95":{"start":{"line":167,"column":8},"end":{"line":167,"column":17}},"96":{"start":{"line":169,"column":4},"end":{"line":171,"column":5}},"97":{"start":{"line":170,"column":8},"end":{"line":170,"column":25}},"98":{"start":{"line":172,"column":4},"end":{"line":172,"column":21}},"99":{"start":{"line":176,"column":4},"end":{"line":193,"column":5}},"100":{"start":{"line":177,"column":36},"end":{"line":177,"column":54}},"101":{"start":{"line":178,"column":34},"end":{"line":178,"column":116}},"102":{"start":{"line":178,"column":67},"end":{"line":178,"column":115}},"103":{"start":{"line":179,"column":8},"end":{"line":181,"column":9}},"104":{"start":{"line":180,"column":12},"end":{"line":180,"column":21}},"105":{"start":{"line":183,"column":19},"end":{"line":183,"column":69}},"106":{"start":{"line":183,"column":52},"end":{"line":183,"column":65}},"107":{"start":{"line":184,"column":20},"end":{"line":184,"column":39}},"108":{"start":{"line":185,"column":24},"end":{"line":185,"column":75}},"109":{"start":{"line":187,"column":22},"end":{"line":187,"column":36}},"110":{"start":{"line":188,"column":34},"end":{"line":188,"column":66}},"111":{"start":{"line":189,"column":8},"end":{"line":192,"column":9}},"112":{"start":{"line":194,"column":16},"end":{"line":194,"column":84}},"113":{"start":{"line":195,"column":30},"end":{"line":205,"column":6}},"114":{"start":{"line":197,"column":8},"end":{"line":197,"column":45}},"115":{"start":{"line":197,"column":33},"end":{"line":197,"column":45}},"116":{"start":{"line":198,"column":8},"end":{"line":198,"column":45}},"117":{"start":{"line":198,"column":33},"end":{"line":198,"column":45}},"118":{"start":{"line":199,"column":8},"end":{"line":203,"column":9}},"119":{"start":{"line":200,"column":12},"end":{"line":202,"column":13}},"120":{"start":{"line":201,"column":16},"end":{"line":201,"column":28}},"121":{"start":{"line":204,"column":8},"end":{"line":204,"column":19}},"122":{"start":{"line":206,"column":4},"end":{"line":206,"column":70}},"123":{"start":{"line":207,"column":4},"end":{"line":207,"column":49}},"124":{"start":{"line":207,"column":40},"end":{"line":207,"column":49}},"125":{"start":{"line":209,"column":15},"end":{"line":209,"column":65}},"126":{"start":{"line":209,"column":48},"end":{"line":209,"column":61}},"127":{"start":{"line":210,"column":30},"end":{"line":210,"column":67}},"128":{"start":{"line":211,"column":4},"end":{"line":214,"column":5}},"129":{"start":{"line":217,"column":0},"end":{"line":222,"column":1}}},"fnMap":{"0":{"name":"(anonymous_0)","decl":{"start":{"line":29,"column":16},"end":{"line":29,"column":17}},"loc":{"start":{"line":29,"column":27},"end":{"line":29,"column":78}},"line":29},"1":{"name":"get_utxos_from_mempool_space","decl":{"start":{"line":68,"column":15},"end":{"line":68,"column":43}},"loc":{"start":{"line":68,"column":57},"end":{"line":75,"column":1}},"line":68},"2":{"name":"(anonymous_2)","decl":{"start":{"line":70,"column":48},"end":{"line":70,"column":49}},"loc":{"start":{"line":70,"column":55},"end":{"line":73,"column":5}},"line":70},"3":{"name":"get_utxos","decl":{"start":{"line":76,"column":15},"end":{"line":76,"column":24}},"loc":{"start":{"line":76,"column":27},"end":{"line":101,"column":1}},"line":76},"4":{"name":"(anonymous_4)","decl":{"start":{"line":79,"column":50},"end":{"line":79,"column":51}},"loc":{"start":{"line":79,"column":56},"end":{"line":79,"column":104}},"line":79},"5":{"name":"(anonymous_5)","decl":{"start":{"line":84,"column":37},"end":{"line":84,"column":38}},"loc":{"start":{"line":84,"column":43},"end":{"line":84,"column":66}},"line":84},"6":{"name":"(anonymous_6)","decl":{"start":{"line":95,"column":46},"end":{"line":95,"column":47}},"loc":{"start":{"line":95,"column":52},"end":{"line":95,"column":87}},"line":95},"7":{"name":"(anonymous_7)","decl":{"start":{"line":100,"column":33},"end":{"line":100,"column":34}},"loc":{"start":{"line":100,"column":39},"end":{"line":100,"column":62}},"line":100},"8":{"name":"sign_and_finalize_transaction","decl":{"start":{"line":103,"column":9},"end":{"line":103,"column":38}},"loc":{"start":{"line":103,"column":62},"end":{"line":130,"column":1}},"line":103},"9":{"name":"broadcast_to_mempool_space","decl":{"start":{"line":132,"column":15},"end":{"line":132,"column":41}},"loc":{"start":{"line":132,"column":51},"end":{"line":139,"column":1}},"line":132},"10":{"name":"(anonymous_10)","decl":{"start":{"line":134,"column":101},"end":{"line":134,"column":102}},"loc":{"start":{"line":134,"column":108},"end":{"line":137,"column":5}},"line":134},"11":{"name":"broadcast_to_blockstream","decl":{"start":{"line":141,"column":15},"end":{"line":141,"column":39}},"loc":{"start":{"line":141,"column":48},"end":{"line":148,"column":1}},"line":141},"12":{"name":"(anonymous_12)","decl":{"start":{"line":143,"column":101},"end":{"line":143,"column":102}},"loc":{"start":{"line":143,"column":108},"end":{"line":146,"column":5}},"line":143},"13":{"name":"broadcast_transaction","decl":{"start":{"line":150,"column":15},"end":{"line":150,"column":36}},"loc":{"start":{"line":150,"column":46},"end":{"line":159,"column":1}},"line":150},"14":{"name":"get_address_txs","decl":{"start":{"line":161,"column":15},"end":{"line":161,"column":30}},"loc":{"start":{"line":161,"column":44},"end":{"line":173,"column":1}},"line":161},"15":{"name":"(anonymous_15)","decl":{"start":{"line":165,"column":13},"end":{"line":165,"column":14}},"loc":{"start":{"line":165,"column":20},"end":{"line":168,"column":5}},"line":165},"16":{"name":"fetch_most_recent_unconfirmed_send","decl":{"start":{"line":175,"column":15},"end":{"line":175,"column":49}},"loc":{"start":{"line":175,"column":52},"end":{"line":215,"column":1}},"line":175},"17":{"name":"(anonymous_17)","decl":{"start":{"line":178,"column":61},"end":{"line":178,"column":62}},"loc":{"start":{"line":178,"column":67},"end":{"line":178,"column":115}},"line":178},"18":{"name":"(anonymous_18)","decl":{"start":{"line":183,"column":42},"end":{"line":183,"column":43}},"loc":{"start":{"line":183,"column":52},"end":{"line":183,"column":65}},"line":183},"19":{"name":"(anonymous_19)","decl":{"start":{"line":195,"column":41},"end":{"line":195,"column":42}},"loc":{"start":{"line":195,"column":47},"end":{"line":205,"column":5}},"line":195},"20":{"name":"(anonymous_20)","decl":{"start":{"line":209,"column":38},"end":{"line":209,"column":39}},"loc":{"start":{"line":209,"column":48},"end":{"line":209,"column":61}},"line":209}},"branchMap":{"0":{"loc":{"start":{"line":16,"column":20},"end":{"line":16,"column":70}},"type":"binary-expr","locations":[{"start":{"line":16,"column":20},"end":{"line":16,"column":43}},{"start":{"line":16,"column":47},"end":{"line":16,"column":70}}],"line":16},"1":{"loc":{"start":{"line":22,"column":20},"end":{"line":22,"column":65}},"type":"cond-expr","locations":[{"start":{"line":22,"column":49},"end":{"line":22,"column":55}},{"start":{"line":22,"column":58},"end":{"line":22,"column":65}}],"line":22},"2":{"loc":{"start":{"line":29,"column":27},"end":{"line":29,"column":78}},"type":"cond-expr","locations":[{"start":{"line":29,"column":50},"end":{"line":29,"column":56}},{"start":{"line":29,"column":59},"end":{"line":29,"column":78}}],"line":29},"3":{"loc":{"start":{"line":31,"column":0},"end":{"line":66,"column":1}},"type":"if","locations":[{"start":{"line":31,"column":0},"end":{"line":66,"column":1}},{"start":{},"end":{}}],"line":31},"4":{"loc":{"start":{"line":32,"column":4},"end":{"line":34,"column":5}},"type":"if","locations":[{"start":{"line":32,"column":4},"end":{"line":34,"column":5}},{"start":{},"end":{}}],"line":32},"5":{"loc":{"start":{"line":32,"column":8},"end":{"line":32,"column":75}},"type":"binary-expr","locations":[{"start":{"line":32,"column":8},"end":{"line":32,"column":38}},{"start":{"line":32,"column":42},"end":{"line":32,"column":75}}],"line":32},"6":{"loc":{"start":{"line":42,"column":4},"end":{"line":44,"column":5}},"type":"if","locations":[{"start":{"line":42,"column":4},"end":{"line":44,"column":5}},{"start":{},"end":{}}],"line":42},"7":{"loc":{"start":{"line":42,"column":8},"end":{"line":42,"column":70}},"type":"binary-expr","locations":[{"start":{"line":42,"column":8},"end":{"line":42,"column":36}},{"start":{"line":42,"column":40},"end":{"line":42,"column":70}}],"line":42},"8":{"loc":{"start":{"line":45,"column":22},"end":{"line":45,"column":118}},"type":"binary-expr","locations":[{"start":{"line":45,"column":22},"end":{"line":45,"column":55}},{"start":{"line":45,"column":59},"end":{"line":45,"column":118}}],"line":45},"9":{"loc":{"start":{"line":45,"column":65},"end":{"line":45,"column":105}},"type":"cond-expr","locations":[{"start":{"line":45,"column":96},"end":{"line":45,"column":99}},{"start":{"line":45,"column":102},"end":{"line":45,"column":105}}],"line":45},"10":{"loc":{"start":{"line":49,"column":4},"end":{"line":55,"column":5}},"type":"if","locations":[{"start":{"line":49,"column":4},"end":{"line":55,"column":5}},{"start":{"line":52,"column":11},"end":{"line":55,"column":5}}],"line":49},"11":{"loc":{"start":{"line":56,"column":4},"end":{"line":65,"column":5}},"type":"if","locations":[{"start":{"line":56,"column":4},"end":{"line":65,"column":5}},{"start":{"line":58,"column":11},"end":{"line":65,"column":5}}],"line":56},"12":{"loc":{"start":{"line":60,"column":8},"end":{"line":64,"column":9}},"type":"if","locations":[{"start":{"line":60,"column":8},"end":{"line":64,"column":9}},{"start":{},"end":{}}],"line":60},"13":{"loc":{"start":{"line":77,"column":4},"end":{"line":85,"column":5}},"type":"if","locations":[{"start":{"line":77,"column":4},"end":{"line":85,"column":5}},{"start":{},"end":{}}],"line":77},"14":{"loc":{"start":{"line":81,"column":8},"end":{"line":83,"column":9}},"type":"if","locations":[{"start":{"line":81,"column":8},"end":{"line":83,"column":9}},{"start":{},"end":{}}],"line":81},"15":{"loc":{"start":{"line":87,"column":4},"end":{"line":89,"column":5}},"type":"if","locations":[{"start":{"line":87,"column":4},"end":{"line":89,"column":5}},{"start":{},"end":{}}],"line":87},"16":{"loc":{"start":{"line":91,"column":4},"end":{"line":93,"column":5}},"type":"if","locations":[{"start":{"line":91,"column":4},"end":{"line":93,"column":5}},{"start":{},"end":{}}],"line":91},"17":{"loc":{"start":{"line":97,"column":4},"end":{"line":99,"column":5}},"type":"if","locations":[{"start":{"line":97,"column":4},"end":{"line":99,"column":5}},{"start":{},"end":{}}],"line":97},"18":{"loc":{"start":{"line":104,"column":4},"end":{"line":107,"column":5}},"type":"if","locations":[{"start":{"line":104,"column":4},"end":{"line":107,"column":5}},{"start":{},"end":{}}],"line":104},"19":{"loc":{"start":{"line":109,"column":4},"end":{"line":126,"column":5}},"type":"if","locations":[{"start":{"line":109,"column":4},"end":{"line":126,"column":5}},{"start":{"line":115,"column":11},"end":{"line":126,"column":5}}],"line":109},"20":{"loc":{"start":{"line":151,"column":4},"end":{"line":153,"column":5}},"type":"if","locations":[{"start":{"line":151,"column":4},"end":{"line":153,"column":5}},{"start":{},"end":{}}],"line":151},"21":{"loc":{"start":{"line":155,"column":4},"end":{"line":157,"column":5}},"type":"if","locations":[{"start":{"line":155,"column":4},"end":{"line":157,"column":5}},{"start":{},"end":{}}],"line":155},"22":{"loc":{"start":{"line":169,"column":4},"end":{"line":171,"column":5}},"type":"if","locations":[{"start":{"line":169,"column":4},"end":{"line":171,"column":5}},{"start":{},"end":{}}],"line":169},"23":{"loc":{"start":{"line":172,"column":11},"end":{"line":172,"column":21}},"type":"binary-expr","locations":[{"start":{"line":172,"column":11},"end":{"line":172,"column":15}},{"start":{"line":172,"column":19},"end":{"line":172,"column":21}}],"line":172},"24":{"loc":{"start":{"line":176,"column":4},"end":{"line":193,"column":5}},"type":"if","locations":[{"start":{"line":176,"column":4},"end":{"line":193,"column":5}},{"start":{},"end":{}}],"line":176},"25":{"loc":{"start":{"line":178,"column":67},"end":{"line":178,"column":115}},"type":"binary-expr","locations":[{"start":{"line":178,"column":67},"end":{"line":178,"column":89}},{"start":{"line":178,"column":93},"end":{"line":178,"column":115}}],"line":178},"26":{"loc":{"start":{"line":179,"column":8},"end":{"line":181,"column":9}},"type":"if","locations":[{"start":{"line":179,"column":8},"end":{"line":181,"column":9}},{"start":{},"end":{}}],"line":179},"27":{"loc":{"start":{"line":197,"column":8},"end":{"line":197,"column":45}},"type":"if","locations":[{"start":{"line":197,"column":8},"end":{"line":197,"column":45}},{"start":{},"end":{}}],"line":197},"28":{"loc":{"start":{"line":198,"column":8},"end":{"line":198,"column":45}},"type":"if","locations":[{"start":{"line":198,"column":8},"end":{"line":198,"column":45}},{"start":{},"end":{}}],"line":198},"29":{"loc":{"start":{"line":200,"column":12},"end":{"line":202,"column":13}},"type":"if","locations":[{"start":{"line":200,"column":12},"end":{"line":202,"column":13}},{"start":{},"end":{}}],"line":200},"30":{"loc":{"start":{"line":207,"column":4},"end":{"line":207,"column":49}},"type":"if","locations":[{"start":{"line":207,"column":4},"end":{"line":207,"column":49}},{"start":{},"end":{}}],"line":207}},"s":{"0":1,"1":1,"2":1,"3":1,"4":1,"5":1,"6":1,"7":1,"8":1,"9":1,"10":1,"11":1,"12":1,"13":1,"14":1,"15":1,"16":1,"17":0,"18":1,"19":1,"20":1,"21":1,"22":1,"23":1,"24":0,"25":1,"26":1,"27":1,"28":1,"29":0,"30":0,"31":1,"32":1,"33":1,"34":0,"35":1,"36":1,"37":0,"38":0,"39":0,"40":0,"41":0,"42":0,"43":0,"44":0,"45":0,"46":0,"47":0,"48":0,"49":0,"50":0,"51":0,"52":0,"53":0,"54":0,"55":0,"56":0,"57":0,"58":0,"59":0,"60":0,"61":0,"62":0,"63":0,"64":0,"65":0,"66":0,"67":0,"68":0,"69":0,"70":0,"71":0,"72":0,"73":0,"74":0,"75":0,"76":0,"77":0,"78":0,"79":0,"80":0,"81":0,"82":0,"83":0,"84":0,"85":0,"86":0,"87":0,"88":0,"89":0,"90":0,"91":0,"92":0,"93":0,"94":0,"95":0,"96":0,"97":0,"98":0,"99":0,"100":0,"101":0,"102":0,"103":0,"104":0,"105":0,"106":0,"107":0,"108":0,"109":0,"110":0,"111":0,"112":0,"113":0,"114":0,"115":0,"116":0,"117":0,"118":0,"119":0,"120":0,"121":0,"122":0,"123":0,"124":0,"125":0,"126":0,"127":0,"128":0,"129":1},"f":{"0":1,"1":0,"2":0,"3":0,"4":0,"5":0,"6":0,"7":0,"8":0,"9":0,"10":0,"11":0,"12":0,"13":0,"14":0,"15":0,"16":0,"17":0,"18":0,"19":0,"20":0},"b":{"0":[1,1],"1":[0,1],"2":[0,1],"3":[1,0],"4":[0,1],"5":[1,1],"6":[0,1],"7":[1,1],"8":[1,0],"9":[0,0],"10":[0,1],"11":[0,1],"12":[0,1],"13":[0,0],"14":[0,0],"15":[0,0],"16":[0,0],"17":[0,0],"18":[0,0],"19":[0,0],"20":[0,0],"21":[0,0],"22":[0,0],"23":[0,0],"24":[0,0],"25":[0,0],"26":[0,0],"27":[0,0],"28":[0,0],"29":[0,0],"30":[0,0]},"_coverageSchema":"1a1c01bbd47fc00a2c39e90264f33305004495a9","hash":"dc05c9cff8753795cda4b7f9d289912080194eeb"}
[...]
":42,"column":21},"end":{"line":46,"column":10}},"20":{"start":{"line":44,"column":12},"end":{"line":44,"column":28}},"21":{"start":{"line":45,"column":12},"end":{"line":45,"column":21}},"22":{"start":{"line":47,"column":4},"end":{"line":47,"column":27}},"23":{"start":{"line":51,"column":4},"end":{"line":53,"column":5}},"24":{"start":{"line":52,"column":8},"end":{"line":52,"column":75}},"25":{"start":{"line":57,"column":4},"end":{"line":57,"column":19}},"26":{"start":{"line":58,"column":17},"end":{"line":58,"column":54}},"27":{"start":{"line":59,"column":4},"end":{"line":61,"column":5}},"28":{"start":{"line":60,"column":8},"end":{"line":60,"column":35}},"29":{"start":{"line":62,"column":4},"end":{"line":62,"column":43}},"30":{"start":{"line":66,"column":4},"end":{"line":66,"column":19}},"31":{"start":{"line":67,"column":4},"end":{"line":69,"column":5}},"32":{"start":{"line":68,"column":8},"end":{"line":68,"column":68}},"33":{"start":{"line":70,"column":4},"end":{"line":70,"column":96}},"34":{"start":{"line":71,"column":4},"end":{"line":86,"column":5}},"35":{"start":{"line":72,"column":21},"end":{"line":76,"column":9}},"36":{"start":{"line":77,"column":8},"end":{"line":77,"column":25}},"37":{"start":{"line":78,"column":21},"end":{"line":78,"column":99}},"38":{"start":{"line":79,"column":8},"end":{"line":81,"column":9}},"39":{"start":{"line":80,"column":12},"end":{"line":80,"column":39}},"40":{"start":{"line":82,"column":8},"end":{"line":82,"column":26}},"41":{"start":{"line":84,"column":8},"end":{"line":84,"column":69}},"42":{"start":{"line":85,"column":8},"end":{"line":85,"column":20}},"43":{"start":{"line":90,"column":4},"end":{"line":92,"column":5}},"44":{"start":{"line":91,"column":8},"end":{"line":91,"column":61}},"45":{"start":{"line":93,"column":4},"end":{"line":93,"column":45}},"46":{"start":{"line":96,"column":0},"end":{"line":100,"column":1}}},"fnMap":{"0":{"name":"CreateAuthenticationSignature","decl":{"start":{"line":6,"column":9},"end":{"line":6,"column":38}},"loc":{"start":{"line":12,"column":2},"end":{"line":22,"column":1}},"line":12},"1":{"name":"QueryPrivateEndpoint","decl":{"start":{"line":24,"column":15},"end":{"line":24,"column":35}},"loc":{"start":{"line":24,"column":67},"end":{"line":48,"column":1}},"line":24},"2":{"name":"(anonymous_2)","decl":{"start":{"line":43,"column":15},"end":{"line":43,"column":16}},"loc":{"start":{"line":43,"column":24},"end":{"line":46,"column":9}},"line":43},"3":{"name":"check_api_key","decl":{"start":{"line":50,"column":9},"end":{"line":50,"column":22}},"loc":{"start":{"line":50,"column":25},"end":{"line":54,"column":1}},"line":50},"4":{"name":"get_btc_balance","decl":{"start":{"line":56,"column":15},"end":{"line":56,"column":30}},"loc":{"start":{"line":56,"column":33},"end":{"line":63,"column":1}},"line":56},"5":{"name":"withdraw","decl":{"start":{"line":65,"column":15},"end":{"line":65,"column":23}},"loc":{"start":{"line":65,"column":40},"end":{"line":87,"column":1}},"line":65},"6":{"name":"get_deposit_address","decl":{"start":{"line":89,"column":15},"end":{"line":89,"column":34}},"loc":{"start":{"line":89,"column":37},"end":{"line":94,"column":1}},"line":89}},"branchMap":{"0":{"loc":{"start":{"line":51,"column":4},"end":{"line":53,"column":5}},"type":"if","locations":[{"start":{"line":51,"column":4},"end":{"line":53,"column":5}},{"start":{},"end":{}}],"line":51},"1":{"loc":{"start":{"line":51,"column":8},"end":{"line":51,"column":69}},"type":"binary-expr","locations":[{"start":{"line":51,"column":8},"end":{"line":51,"column":35}},{"start":{"line":51,"column":39},"end":{"line":51,"column":69}}],"line":51},"2":{"loc":{"start":{"line":59,"column":4},"end":{"line":61,"column":5}},"type":"if","locations":[{"start":{"line":59,"column":4},"end":{"line":61,"column":5}},{"start":{},"end":{}}],"line":59},"3":{"loc":{"start":{"line":59,"column":8},"end":{"line":59,"column":43}},"type":"binary-expr","locations":[{"start":{"line":59,"column":8},"end":{"line":59,"column":18}},{"start":{"line":59,"column":22},"end":{"line":59,"column":43}}],"line":59},"4":{"loc":{"start":{"line":67,"column":4},"end":{"line":69,"column":5}},"type":"if","locations":[{"start":{"line":67,"column":4},"end":{"line":69,"column":5}},{"start":{},"end":{}}],"line":67},"5":{"loc":{"start":{"line":79,"column":8},"end":{"line":81,"column":9}},"type":"if","locations":[{"start":{"line":79,"column":8},"end":{"line":81,"column":9}},{"start":{},"end":{}}],"line":79},"6":{"loc":{"start":{"line":79,"column":12},"end":{"line":79,"column":47}},"type":"binary-expr","locations":[{"start":{"line":79,"column":12},"end":{"line":79,"column":22}},{"start":{"line":79,"column":26},"end":{"line":79,"column":47}}],"line":79},"7":{"loc":{"start":{"line":90,"column":4},"end":{"line":92,"column":5}},"type":"if","locations":[{"start":{"line":90,"column":4},"end":{"line":92,"column":5}},{"start":{},"end":{}}],"line":90}},"s":{"0":1,"1":1,"2":1,"3":0,"4":0,"5":0,"6":0,"7":0,"8":0,"9":0,"10":0,"11":0,"12":0,"13":0,"14":0,"15":0,"16":0,"17":0,"18":0,"19":0,"20":0,"21":0,"22":0,"23":0,"24":0,"25":0,"26":0,"27":0,"28":0,"29":0,"30":0,"31":0,"32":0,"33":0,"34":0,"35":0,"36":0,"37":0,"38":0,"39":0,"40":0,"41":0,"42":0,"43":0,"44":0,"45":0,"46":1},"f":{"0":0,"1":0,"2":0,"3":0,"4":0,"5":0,"6":0},"b":{"0":[0,0],"1":[0,0],"2":[0,0],"3":[0,0],"4":[0,0],"5":[0,0],"6":[0,0],"7":[0,0]},"_coverageSchema":"1a1c01bbd47fc00a2c39e90264f33305004495a9","hash":"9356125e6ae7c88ecef0a2f1f5dad3c536246b5e"}
,"/Users/ruben/Documents/deezy/sat-hunter/exchanges/kucoin.js": {"path":"/Users/ruben/Documents/deezy/sat-hunter/exchanges/kucoin.js","statementMap":{"0":{"start":{"line":1,"column":14},"end":{"line":1,"column":30}},"1":{"start":{"line":2,"column":15},"end":{"line":2,"column":32}},"2":{"start":{"line":3,"column":17},"end":{"line":3,"column":41}},"3":{"start":{"line":6,"column":4},"end":{"line":8,"column":26}},"4":{"start":{"line":11,"column":4},"end":{"line":17,"column":5}},"5":{"start":{"line":21,"column":4},"end":{"line":23,"column":5}},"6":{"start":{"line":22,"column":8},"end":{"line":22,"column":99}},"7":{"start":{"line":24,"column":17},"end":{"line":24,"column":58}},"8":{"start":{"line":25,"column":22},"end":{"line":25,"column":48}},"9":{"start":{"line":26,"column":19},"end":{"line":26,"column":24}},"10":{"start":{"line":27,"column":20},"end":{"line":27,"column":63}},"11":{"start":{"line":28,"column":21},"end":{"line":31,"column":6}},"12":{"start":{"line":29,"column":8},"end":{"line":29,"column":24}},"13":{"start":{"line":30,"column":8},"end":{"line":30,"column":17}},"14":{"start":{"line":32,"column":4},"end":{"line":32,"column":45}},"15":{"start":{"line":36,"column":4},"end":{"line":38,"column":5}},"16":{"start":{"line":37,"column":8},"end":{"line":37,"column":75}},"17":{"start":{"line":39,"column":4},"end":{"line":41,"column":5}},"18":{"start":{"line":40,"column":8},"end":{"line":40,"column":64}},"19":{"start":{"line":42,"column":17},"end":{"line":42,"column":38}},"20":{"start":{"line":43,"column":22},"end":{"line":43,"column":48}},"21":{"start":{"line":44,"column":19},"end":{"line":44,"column":25}},"22":{"start":{"line":45,"column":19},"end":{"line":45,"column":42}},"23":{"start":{"line":46,"column":4},"end":{"line":46,"column":55}},"24":{"start":{"line":47,"column":17},"end":{"line":52,"column":5}},"25":{"start":{"line":53,"column":20},"end":{"line":53,"column":91}},"26":{"start":{"line":54,"column":4},"end":{"line":54,"column":48}},"27":{"start":{"line":55,"column":16},"end":{"line":55,"column":36}},"28":{"start":{"line":56,"column":21},"end":{"line":59,"column":6}},"29":{"start":{"line":57,"column":8},"end":{"line":57,"column":38}},"30":{"start":{"line":58,"column":8},"end":{"line":58,"column":67}},"31":{"start":{"line":60,"column":4},"end":{"line":60,"column":21}},"32":{"start":{"line":64,"column":4},"end":{"line":66,"column":5}},"33":{"start":{"line":65,"column":8},"end":{"line":65,"column":61}},"34":{"start":{"line":67,"column":4},"end":{"line":67,"column":45}},"35":{"start":{"line":70,"column":0},"end":{"line":74,"column":1}}},"fnMap":{"0":{"name":"create_signature","decl":{"start":{"line":5,"column":9},"end":{"line":5,"column":25}},"loc":{"start":{"line":5,"column":36},"end":{"line":9,"column":1}},"line":5},"1":{"name":"create_headers","decl":{"start":{"line":10,"column":9},"end":{"line":10,"column":23}},"loc":{"start":{"line":10,"column":64},"end":{"line":18,"column":1}},"line":10},"2":{"name":"get_btc_balance","decl":{"start":{"line":20,"column":15},"end":{"line":20,"column":30}},"loc":{"start":{"line":20,"column":33},"end":{"line":33,"column":1}},"line":20},"3":{"name":"(anonymous_3)","decl":{"start":{"line":28,"column":78},"end":{"line":28,"column":79}},"loc":{"start":{"line":28,"column":85},"end":{"line":31,"column":5}},"line":28},"4":{"name":"withdraw","decl":{"start":{"line":35,"column":15},"end":{"line":35,"column":23}},"loc":{"start":{"line":35,"column":40},"end":{"line":61,"column":1}},"line":35},"5":{"name":"(anonymous_5)","decl":{"start":{"line":56,"column":68},"end":{"line":56,"column":69}},"loc":{"start":{"line":56,"column":75},"end":{"line":59,"column":5}},"line":56},"6":{"name":"get_deposit_address","decl":{"start":{"line":63,"column":15},"end":{"line":63,"column":34}},"loc":{"start":{"line":63,"column":37},"end":{"line":68,"column":1}},"line":63}},"branchMap":{"0":{"loc":{"start":{"line":10,"column":51},"end":{"line":10,"column":60}},"type":"default-arg","locations":[{"start":{"line":10,"column":58},"end":{"line":10,"column":60}}],"line":10},"1":{"loc":{"start":{"line":21,"column":4},"end":{"line":23,"column":5}},"type":"if","locations":[{"start":{"line":21,"column":4},"end":{"line":23,"column":5}},{"start":{},"end":{}}],"line":21},"2":{"loc":{"start":{"line":21,"column":8},"end":{"line":21,"column":107}},"type":"binary-expr","locations":[{"start":{"line":21,"column":8},"end":{"line":21,"column":35}},{"start":{"line":21,"column":39},"end":{"line":21,"column":69}},{"start":{"line":21,"column":73},"end":{"line":21,"column":107}}],"line":21},"3":{"loc":{"start":{"line":36,"column":4},"end":{"line":38,"column":5}},"type":"if","locations":[{"start":{"line":36,"column":4},"end":{"line":38,"column":5}},{"start":{},"end":{}}],"line":36},"4":{"loc":{"start":{"line":36,"column":8},"end":{"line":36,"column":69}},"type":"binary-expr","locations":[{"start":{"line":36,"column":8},"end":{"line":36,"column":35}},{"start":{"line":36,"column":39},"end":{"line":36,"column":69}}],"line":36},"5":{"loc":{"start":{"line":39,"column":4},"end":{"line":41,"column":5}},"type":"if","locations":[{"start":{"line":39,"column":4},"end":{"line":41,"column":5}},{"start":{},"end":{}}],"line":39},"6":{"loc":{"start":{"line":64,"column":4},"end":{"line":66,"column":5}},"type":"if","locations":[{"start":{"line":64,"column":4},"end":{"line":66,"column":5}},{"start":{},"end":{}}],"line":64}},"s":{"0":1,"1":1,"2":1,"3":0,"4":0,"5":0,"6":0,"7":0,"8":0,"9":0,"10":0,"11":0,"12":0,"13":0,"14":0,"15":0,"16":0,"17":0,"18":0,"19":0,"20":0,"21":0,"22":0,"23":0,"24":0,"25":0,"26":0,"27":0,"28":0,"29":0,"30":0,"31":0,"32":0,"33":0,"34":0,"35":1},"f":{"0":0,"1":0,"2":0,"3":0,"4":0,"5":0,"6":0},"b":{"0":[0],"1":[0,0],"2":[0,0,0],"3":[0,0],"4":[0,0],"5":[0,0],"6":[0,0]},"_coverageSchema":"1a1c01bbd47fc00a2c39e90264f33305004495a9","hash":"e8eff090ec23c2560f2469b3b8996429c2b78f6a"}
,"/Users/ruben/Documents/deezy/sat-hunter/exchanges/okx.js": {"path":"/Users/ruben/Documents/deezy/sat-hunter/exchanges/okx.js","statementMap":{"0":{"start":{"line":1,"column":14},"end":{"line":1,"column":30}},"1":{"start":{"line":2,"column":15},"end":{"line":2,"column":32}},"2":{"start":{"line":3,"column":17},"end":{"line":3,"column":69}},"3":{"start":{"line":6,"column":17},"end":{"line":6,"column":54}},"4":{"start":{"line":7,"column":4},"end":{"line":9,"column":26}},"5":{"start":{"line":12,"column":4},"end":{"line":17,"column":5}},"6":{"start":{"line":21,"column":4},"end":{"line":23,"column":5}},"7":{"start":{"line":22,"column":8},"end":{"line":22,"column":90}},"8":{"start":{"line":24,"column":17},"end":{"line":24,"column":49}},"9":{"start":{"line":25,"column":22},"end":{"line":25,"column":48}},"10":{"start":{"line":26,"column":19},"end":{"line":26,"column":24}},"11":{"start":{"line":27,"column":20},"end":{"line":27,"column":63}},"12":{"start":{"line":28,"column":21},"end":{"line":31,"column":6}},"13":{"start":{"line":29,"column":8},"end":{"line":29,"column":24}},"14":{"start":{"line":30,"column":8},"end":{"line":30,"column":17}},"15":{"start":{"line":32,"column":4},"end":{"line":32,"column":44}},"16":{"start":{"line":36,"column":4},"end":{"line":38,"column":5}},"17":{"start":{"line":37,"column":8},"end":{"line":37,"column":69}},"18":{"start":{"line":39,"column":17},"end":{"line":39,"column":51}},"19":{"start":{"line":40,"column":22},"end":{"line":40,"column":48}},"20":{"start":{"line":41,"column":19},"end":{"line":41,"column":24}},"21":{"start":{"line":42,"column":20},"end":{"line":42,"column":63}},"22":{"start":{"line":43,"column":21},"end":{"line":46,"column":6}},"23":{"start":{"line":44,"column":8},"end":{"line":44,"column":24}},"24":{"start":{"line":45,"column":8},"end":{"line":45,"column":55}},"25":{"start":{"line":47,"column":4},"end":{"line":47,"column":78}},"26":{"start":{"line":47,"column":43},"end":{"line":47,"column":69}},"27":{"start":{"line":51,"column":4},"end":{"line":53,"column":5}},"28":{"start":{"line":52,"column":8},"end":{"line":52,"column":69}},"29":{"start":{"line":54,"column":4},"end":{"line":56,"column":5}},"30":{"start":{"line":55,"column":8},"end":{"line":55,"column":61}},"31":{"start":{"line":57,"column":16},"end":{"line":57,"column":42}},"32":{"start":{"line":58,"column":17},"end":{"line":58,"column":43}},"33":{"start":{"line":59,"column":22},"end":{"line":59,"column":48}},"34":{"start":{"line":60,"column":19},"end":{"line":60,"column":25}},"35":{"start":{"line":61,"column":19},"end":{"line":61,"column":48}},"36":{"start":{"line":62,"column":4},"end":{"line":62,"column":55}},"37":{"start":{"line":63,"column":17},"end":{"line":69,"column":5}},"38":{"start":{"line":70,"column":20},"end":{"line":70,"column":91}},"39":{"start":{"line":71,"column":4},"end":{"line":71,"column":48}},"40":{"start":{"line":72,"column":16},"end":{"line":72,"column":36}},"41":{"start":{"line":73,"column":21},"end":{"line":76,"column":6}},"42":{"start":{"line":74,"column":8},"end":{"line":74,"column":38}},"43":{"start":{"line":75,"column":8},"end":{"line":75,"column":67}},"44":{"start":{"line":77,"column":4},"end":{"line":79,"column":5}},"45":{"start":{"line":78,"column":8},"end":{"line":78,"column":54}},"46":{"start":{"line":80,"column":4},"end":{"line":80,"column":21}},"47":{"start":{"line":84,"column":4},"end":{"line":86,"column":5}},"48":{"start":{"line":85,"column":8},"end":{"line":85,"column":58}},"49":{"start":{"line":87,"column":4},"end":{"line":87,"column":42}},"50":{"start":{"line":90,"column":0},"end":{"line":95,"column":1}}},"fnMap":{"0":{"name":"create_signature","decl":{"start":{"line":5,"column":9},"end":{"line":5,"column":25}},"loc":{"start":{"line":5,"column":65},"end":{"line":10,"column":1}},"line":5},"1":{"name":"create_headers","decl":{"start":{"line":11,"column":9},"end":{"line":11,"column":23}},"loc":{"start":{"line":11,"column":64},"end":{"line":18,"column":1}},"line":11},"2":{"name":"get_btc_balance","decl":{"start":{"line":20,"column":15},"end":{"line":20,"column":30}},"loc":{"start":{"line":20,"column":33},"end":{"line":33,"column":1}},"line":20},"3":{"name":"(anonymous_3)","decl":{"start":{"line":28,"column":78},"end":{"line":28,"column":79}},"loc":{"start":{"line":28,"column":85},"end":{"line":31,"column":5}},"line":28},"4":{"name":"get_withdrawal_fee","decl":{"start":{"line":35,"column":15},"end":{"line":35,"column":33}},"loc":{"start":{"line":35,"column":36},"end":{"line":48,"column":1}},"line":35},"5":{"name":"(anonymous_5)","decl":{"start":{"line":43,"column":78},"end":{"line":43,"column":79}},"loc":{"start":{"line":43,"column":85},"end":{"line":46,"column":5}},"line":43},"6":{"name":"(anonymous_6)","decl":{"start":{"line":47,"column":37},"end":{"line":47,"column":38}},"loc":{"start":{"line":47,"column":43},"end":{"line":47,"column":69}},"line":47},"7":{"name":"withdraw","decl":{"start":{"line":50,"column":15},"end":{"line":50,"column":23}},"loc":{"start":{"line":50,"column":40},"end":{"line":81,"column":1}},"line":50},"8":{"name":"(anonymous_8)","decl":{"start":{"line":73,"column":68},"end":{"line":73,"column":69}},"loc":{"start":{"line":73,"column":75},"end":{"line":76,"column":5}},"line":73},"9":{"name":"get_deposit_address","decl":{"start":{"line":83,"column":15},"end":{"line":83,"column":34}},"loc":{"start":{"line":83,"column":37},"end":{"line":88,"column":1}},"line":83}},"branchMap":{"0":{"loc":{"start":{"line":3,"column":17},"end":{"line":3,"column":69}},"type":"binary-expr","locations":[{"start":{"line":3,"column":17},"end":{"line":3,"column":41}},{"start":{"line":3,"column":45},"end":{"line":3,"column":69}}],"line":3},"1":{"loc":{"start":{"line":5,"column":53},"end":{"line":5,"column":62}},"type":"default-arg","locations":[{"start":{"line":5,"column":60},"end":{"line":5,"column":62}}],"line":5},"2":{"loc":{"start":{"line":11,"column":51},"end":{"line":11,"column":60}},"type":"default-arg","locations":[{"start":{"line":11,"column":58},"end":{"line":11,"column":60}}],"line":11},"3":{"loc":{"start":{"line":21,"column":4},"end":{"line":23,"column":5}},"type":"if","locations":[{"start":{"line":21,"column":4},"end":{"line":23,"column":5}},{"start":{},"end":{}}],"line":21},"4":{"loc":{"start":{"line":21,"column":8},"end":{"line":21,"column":98}},"type":"binary-expr","locations":[{"start":{"line":21,"column":8},"end":{"line":21,"column":32}},{"start":{"line":21,"column":36},"end":{"line":21,"column":63}},{"start":{"line":21,"column":67},"end":{"line":21,"column":98}}],"line":21},"5":{"loc":{"start":{"line":36,"column":4},"end":{"line":38,"column":5}},"type":"if","locations":[{"start":{"line":36,"column":4},"end":{"line":38,"column":5}},{"start":{},"end":{}}],"line":36},"6":{"loc":{"start":{"line":36,"column":8},"end":{"line":36,"column":63}},"type":"binary-expr","locations":[{"start":{"line":36,"column":8},"end":{"line":36,"column":32}},{"start":{"line":36,"column":36},"end":{"line":36,"column":63}}],"line":36},"7":{"loc":{"start":{"line":51,"column":4},"end":{"line":53,"column":5}},"type":"if","locations":[{"start":{"line":51,"column":4},"end":{"line":53,"column":5}},{"start":{},"end":{}}],"line":51},"8":{"loc":{"start":{"line":51,"column":8},"end":{"line":51,"column":63}},"type":"binary-expr","locations":[{"start":{"line":51,"column":8},"end":{"line":51,"column":32}},{"start":{"line":51,"column":36},"end":{"line":51,"column":63}}],"line":51},"9":{"loc":{"start":{"line":54,"column":4},"end":{"line":56,"column":5}},"type":"if","locations":[{"start":{"line":54,"column":4},"end":{"line":56,"column":5}},{"start":{},"end":{}}],"line":54},"10":{"loc":{"start":{"line":77,"column":4},"end":{"line":79,"column":5}},"type":"if","locations":[{"start":{"line":77,"column":4},"end":{"line":79,"column":5}},{"start":{},"end":{}}],"line":77},"11":{"loc":{"start":{"line":84,"column":4},"end":{"line":86,"column":5}},"type":"if","locations":[{"start":{"line":84,"column":4},"end":{"line":86,"column":5}},{"start":{},"end":{}}],"line":84}},"s":{"0":1,"1":1,"2":1,"3":0,"4":0,"5":0,"6":0,"7":0,"8":0,"9":0,"10":0,"11":0,"12":0,"13":0,"14":0,"15":0,"16":0,"17":0,"18":0,"19":0,"20":0,"21":0,"22":0,"23":0,"24":0,"25":0,"26":0,"27":0,"28":0,"29":0,"30":0,"31":0,"32":0,"33":0,"34":0,"35":0,"36":0,"37":0,"38":0,"39":0,"40":0,"41":0,"42":0,"43":0,"44":0,"45":0,"46":0,"47":0,"48":0,"49":0,"50":1},"f":{"0":0,"1":0,"2":0,"3":0,"4":0,"5":0,"6":0,"7":0,"8":0,"9":0},"b":{"0":[1,1],"1":[0],"2":[0],"3":[0,0],"4":[0,0,0],"5":[0,0],"6":[0,0],"7":[0,0],"8":[0,0],"9":[0,0],"10":[0,0],"11":[0,0]},"_coverageSchema":"1a1c01bbd47fc00a2c39e90264f33305004495a9","hash":"9cfc5afde899a8a7c5ee24ceef2efe6c0685218e"}
}
