TN:
SF:bitcoin.js
FN:4,check_wallet
FN:9,listunspent
FN:15,utxoupdatepsbt
FN:21,walletprocesspsbt
FN:26,finalizepsbt
FN:31,testmempoolaccept
FN:36,sendrawtransaction
FN:42,decodepsbt
FN:47,listtransactions
FN:53,getrawtransaction
FNF:10
FNH:0
FNDA:0,check_wallet
FNDA:0,listunspent
FNDA:0,utxoupdatepsbt
FNDA:0,walletprocesspsbt
FNDA:0,finalizepsbt
FNDA:0,testmempoolaccept
FNDA:0,sendrawtransaction
FNDA:0,decodepsbt
FNDA:0,listtransactions
FNDA:0,getrawtransaction
DA:1,1
DA:2,1
DA:5,0
DA:6,0
DA:10,0
DA:11,0
DA:12,0
DA:16,0
DA:17,0
DA:18,0
DA:22,0
DA:23,0
DA:27,0
DA:28,0
DA:32,0
DA:33,0
DA:37,0
DA:38,0
DA:39,0
DA:43,0
DA:44,0
DA:48,0
DA:49,0
DA:50,0
DA:54,0
DA:55,0
DA:58,1
LF:27
LH:3
BRDA:2,0,0,1
BRDA:2,0,1,1
BRDA:5,1,0,0
BRDA:5,1,1,0
BRDA:26,2,0,0
BRF:5
BRH:2
end_of_record
TN:
SF:deezy.js
FN:5,check_api_key
FN:10,post_scan_request
FN:33,(anonymous_2)
FN:40,get_scan_request
FN:43,(anonymous_4)
FNF:5
FNH:0
FNDA:0,check_api_key
FNDA:0,post_scan_request
FNDA:0,(anonymous_2)
FNDA:0,get_scan_request
FNDA:0,(anonymous_4)
DA:1,1
DA:3,1
DA:6,0
DA:7,0
DA:11,0
DA:12,0
DA:13,0
DA:15,0
DA:16,0
DA:27,0
DA:28,0
DA:30,0
DA:31,0
DA:33,0
DA:34,0
DA:35,0
DA:37,0
DA:41,0
DA:42,0
DA:43,0
DA:44,0
DA:45,0
DA:47,0
DA:50,1
LF:24
LH:3
BRDA:6,0,0,0
BRDA:6,0,1,0
BRDA:10,1,0,0
BRDA:10,2,0,0
BRDA:12,3,0,0
BRDA:12,3,1,0
BRDA:27,4,0,0
BRDA:27,4,1,0
BRDA:30,5,0,0
BRDA:30,5,1,0
BRF:10
BRH:0
end_of_record
TN:
SF:fees.js
FN:20,get_fee_rate
FN:24,(anonymous_1)
FN:34,get_min_next_block_fee_rate
FN:35,(anonymous_3)
FNF:4
FNH:0
FNDA:0,get_fee_rate
FNDA:0,(anonymous_1)
FNDA:0,get_min_next_block_fee_rate
FNDA:0,(anonymous_3)
DA:1,1
DA:2,1
DA:3,1
DA:4,1
DA:5,0
DA:8,1
DA:9,0
DA:12,1
DA:13,0
DA:14,0
DA:15,0
DA:18,1
DA:21,0
DA:22,0
DA:24,0
DA:25,0
DA:26,0
DA:28,0
DA:29,0
DA:30,0
DA:31,0
DA:35,0
DA:36,0
DA:37,0
DA:39,0
DA:40,0
DA:42,0
DA:43,0
DA:44,0
DA:47,0
DA:50,1
LF:31
LH:8
BRDA:2,0,0,1
BRDA:2,0,1,1
BRDA:3,1,0,1
BRDA:3,1,1,1
BRDA:4,2,0,0
BRDA:4,2,1,1
BRDA:4,3,0,1
BRDA:4,3,1,1
BRDA:4,3,2,0
BRDA:8,4,0,0
BRDA:8,4,1,1
BRDA:8,5,0,1
BRDA:8,5,1,0
BRDA:12,6,0,0
BRDA:12,6,1,1
BRDA:14,7,0,0
BRDA:14,7,1,0
BRDA:14,8,0,0
BRDA:14,8,1,0
BRDA:18,9,0,1
BRDA:18,9,1,1
BRDA:21,10,0,0
BRDA:21,10,1,0
BRDA:28,11,0,0
BRDA:28,11,1,0
BRDA:29,12,0,0
BRDA:29,12,1,0
BRDA:30,13,0,0
BRDA:30,13,1,0
BRDA:39,14,0,0
BRDA:39,14,1,0
BRDA:42,15,0,0
BRDA:42,15,1,0
BRF:33
BRH:12
end_of_record
TN:
SF:notifications.js
FN:20,(anonymous_0)
FN:29,(anonymous_1)
FN:34,(anonymous_2)
FN:52,(anonymous_3)
FNF:4
FNH:0
FNDA:0,(anonymous_0)
FNDA:0,(anonymous_1)
FNDA:0,(anonymous_2)
FNDA:0,(anonymous_3)
DA:7,1
DA:9,1
DA:11,1
DA:12,1
DA:14,1
DA:15,1
DA:16,1
DA:17,1
DA:18,1
DA:20,1
DA:21,0
DA:22,0
DA:23,0
DA:24,0
DA:30,0
DA:34,1
DA:35,0
DA:36,0
DA:37,0
DA:38,0
DA:39,0
DA:40,0
DA:41,0
DA:42,0
DA:44,0
DA:45,0
DA:52,1
DA:53,0
DA:54,0
DA:57,1
LF:30
LH:13
BRDA:12,0,0,1
BRDA:12,0,1,0
BRDA:14,1,0,1
BRDA:14,1,1,1
BRDA:17,2,0,1
BRDA:17,2,1,1
BRDA:18,3,0,1
BRDA:18,3,1,0
BRDA:20,4,0,0
BRDA:21,5,0,0
BRDA:21,5,1,0
BRDA:21,6,0,0
BRDA:21,6,1,0
BRDA:22,7,0,0
BRDA:22,7,1,0
BRDA:34,8,0,0
BRDA:35,9,0,0
BRDA:35,9,1,0
BRDA:35,10,0,0
BRDA:35,10,1,0
BRDA:39,11,0,0
BRDA:39,11,1,0
BRDA:52,12,0,0
BRF:23
BRH:6
end_of_record
TN:
SF:run.js
FN:27,(anonymous_0)
FN:27,(anonymous_1)
FN:28,maybe_withdraw
FN:29,(anonymous_3)
FN:41,(anonymous_4)
FN:62,decode_sign_and_send_psbt
FN:112,run
FN:151,(anonymous_7)
FNF:8
FNH:2
FNDA:0,(anonymous_0)
FNDA:0,(anonymous_1)
FNDA:1,maybe_withdraw
FNDA:0,(anonymous_3)
FNDA:0,(anonymous_4)
FNDA:0,decode_sign_and_send_psbt
FNDA:1,run
FNDA:0,(anonymous_7)
DA:1,1
DA:4,1
DA:5,1
DA:6,1
DA:7,1
DA:8,1
DA:14,1
DA:15,1
DA:16,1
DA:17,1
DA:18,1
DA:19,1
DA:20,1
DA:21,1
DA:22,1
DA:23,1
DA:24,1
DA:25,1
DA:27,1
DA:29,1
DA:30,0
DA:31,0
DA:33,1
DA:35,1
DA:36,0
DA:37,0
DA:38,0
DA:39,0
DA:41,0
DA:42,0
DA:43,0
DA:44,0
DA:46,0
DA:47,0
DA:49,0
DA:50,0
DA:51,0
DA:52,0
DA:53,0
DA:55,0
DA:58,1
DA:63,0
DA:64,0
DA:65,0
DA:66,0
DA:67,0
DA:68,0
DA:71,0
DA:72,0
DA:77,0
DA:78,0
DA:82,0
DA:83,0
DA:84,0
DA:85,0
DA:86,0
DA:87,0
DA:89,0
DA:90,0
DA:91,0
DA:92,0
DA:93,0
DA:94,0
DA:95,0
DA:96,0
DA:98,0
DA:99,0
DA:100,0
DA:101,0
DA:102,0
DA:103,0
DA:104,0
DA:113,1
DA:114,1
DA:115,0
DA:118,1
DA:119,1
DA:120,0
DA:123,1
DA:124,1
DA:126,1
DA:127,0
DA:132,1
DA:133,1
DA:136,1
DA:137,0
DA:138,0
DA:139,0
DA:142,1
DA:143,0
DA:144,0
DA:145,0
DA:146,0
DA:148,0
DA:151,1
DA:152,0
DA:154,1
DA:156,1
DA:157,1
DA:158,1
DA:160,0
DA:161,0
DA:162,0
DA:163,0
DA:164,0
DA:165,0
DA:166,0
DA:171,0
DA:172,0
DA:175,0
DA:176,0
DA:177,0
DA:178,0
DA:179,0
DA:180,0
DA:182,0
DA:186,0
DA:187,0
DA:188,0
DA:189,0
DA:190,0
DA:191,0
DA:192,0
DA:194,0
DA:195,0
DA:201,0
DA:202,0
DA:203,0
DA:204,0
DA:207,0
DA:209,0
DA:210,0
DA:211,0
DA:212,0
DA:214,0
DA:215,0
DA:216,0
DA:217,0
DA:220,0
DA:221,0
DA:222,0
DA:223,0
DA:224,0
DA:225,0
DA:226,0
DA:227,0
DA:229,0
DA:230,0
DA:231,0
DA:232,0
DA:233,0
DA:234,0
DA:235,0
DA:237,0
DA:238,0
DA:240,0
DA:241,0
DA:242,0
DA:243,0
DA:244,0
DA:245,0
DA:249,0
DA:251,0
DA:260,1
LF:164
LH:40
BRDA:35,0,0,0
BRDA:35,0,1,1
BRDA:35,1,0,1
BRDA:35,1,1,0
BRDA:38,2,0,0
BRDA:38,2,1,0
BRDA:42,3,0,0
BRDA:42,3,1,0
BRDA:49,4,0,0
BRDA:49,4,1,0
BRDA:52,5,0,0
BRDA:52,5,1,0
BRDA:67,6,0,0
BRDA:67,6,1,0
BRDA:67,7,0,0
BRDA:67,7,1,0
BRDA:85,8,0,0
BRDA:85,8,1,0
BRDA:85,9,0,0
BRDA:85,9,1,0
BRDA:86,10,0,0
BRDA:86,10,1,0
BRDA:95,11,0,0
BRDA:95,11,1,0
BRDA:95,12,0,0
BRDA:95,12,1,0
BRDA:101,13,0,0
BRDA:101,13,1,0
BRDA:103,14,0,0
BRDA:103,14,1,0
BRDA:106,15,0,0
BRDA:106,15,1,0
BRDA:114,16,0,0
BRDA:114,16,1,1
BRDA:119,17,0,0
BRDA:119,17,1,1
BRDA:126,18,0,0
BRDA:126,18,1,1
BRDA:126,19,0,1
BRDA:126,19,1,0
BRDA:132,20,0,1
BRDA:132,20,1,0
BRDA:136,21,0,0
BRDA:136,21,1,1
BRDA:136,22,0,1
BRDA:136,22,1,0
BRDA:142,23,0,0
BRDA:142,23,1,1
BRDA:144,24,0,0
BRDA:144,24,1,0
BRDA:154,25,0,1
BRDA:154,25,1,0
BRDA:157,26,0,1
BRDA:157,26,1,0
BRDA:160,27,0,0
BRDA:160,27,1,0
BRDA:163,28,0,0
BRDA:163,28,1,0
BRDA:179,29,0,0
BRDA:179,29,1,0
BRDA:191,30,0,0
BRDA:191,30,1,0
BRDA:191,31,0,0
BRDA:191,31,1,0
BRDA:202,32,0,0
BRDA:202,32,1,0
BRDA:210,33,0,0
BRDA:210,33,1,0
BRDA:216,34,0,0
BRDA:216,34,1,0
BRDA:225,35,0,0
BRDA:225,35,1,0
BRDA:229,36,0,0
BRDA:229,36,1,0
BRDA:233,37,0,0
BRDA:233,37,1,0
BRDA:241,38,0,0
BRDA:241,38,1,0
BRDA:242,39,0,0
BRDA:242,39,1,0
BRDA:242,40,0,0
BRDA:242,40,1,0
BRF:82
BRH:12
end_of_record
TN:
SF:satributes.js
FN:21,generate_satributes_messages
FNF:1
FNH:0
FNDA:0,generate_satributes_messages
DA:1,1
DA:2,1
DA:22,0
DA:23,0
DA:24,0
DA:25,0
DA:26,0
DA:27,0
DA:29,0
DA:30,0
DA:32,0
DA:33,0
DA:34,0
DA:36,0
DA:37,0
DA:38,0
DA:40,0
DA:42,0
DA:45,1
LF:19
LH:3
BRDA:22,0,0,0
BRDA:22,0,1,0
BRDA:27,1,0,0
BRDA:27,1,1,0
BRDA:32,2,0,0
BRDA:32,2,1,0
BRDA:36,3,0,0
BRDA:36,3,1,0
BRDA:36,4,0,0
BRDA:36,4,1,0
BRDA:37,5,0,0
BRDA:37,5,1,0
BRF:12
BRH:0
end_of_record
TN:
SF:utils.js
FN:1,get_excluded_tags
FN:20,(anonymous_1)
FN:23,get_included_tags
FN:32,(anonymous_3)
FN:35,get_min_tag_sizes
FN:47,(anonymous_5)
FNF:6
FNH:6
FNDA:8,get_excluded_tags
FNDA:13,(anonymous_1)
FNDA:5,get_included_tags
FNDA:8,(anonymous_3)
FNDA:5,get_min_tag_sizes
FNDA:8,(anonymous_5)
DA:2,8
DA:3,8
DA:4,1
DA:5,1
DA:6,7
DA:7,1
DA:8,1
DA:10,8
DA:12,1
DA:14,7
DA:15,1
DA:17,6
DA:20,13
DA:24,5
DA:25,5
DA:27,2
DA:29,3
DA:32,8
DA:36,5
DA:37,5
DA:38,1
DA:39,1
DA:40,4
DA:41,0
DA:42,0
DA:44,5
DA:45,1
DA:47,4
DA:48,8
DA:49,8
DA:50,8
DA:54,2
LF:32
LH:30
BRDA:3,0,0,1
BRDA:3,0,1,7
BRDA:3,1,0,8
BRDA:3,1,1,8
BRDA:6,2,0,1
BRDA:6,2,1,6
BRDA:6,3,0,7
BRDA:6,3,1,7
BRDA:10,4,0,1
BRDA:10,4,1,7
BRDA:14,5,0,1
BRDA:14,5,1,6
BRDA:25,6,0,2
BRDA:25,6,1,3
BRDA:25,7,0,5
BRDA:25,7,1,3
BRDA:37,8,0,1
BRDA:37,8,1,4
BRDA:37,9,0,5
BRDA:37,9,1,2
BRDA:40,10,0,0
BRDA:40,10,1,4
BRDA:40,11,0,4
BRDA:40,11,1,0
BRDA:44,12,0,1
BRDA:44,12,1,4
BRF:26
BRH:24
end_of_record
TN:
SF:wallet.js
FN:29,(anonymous_0)
FN:68,get_utxos_from_mempool_space
FN:70,(anonymous_2)
FN:76,get_utxos
FN:79,(anonymous_4)
FN:84,(anonymous_5)
FN:95,(anonymous_6)
FN:100,(anonymous_7)
FN:103,sign_and_finalize_transaction
FN:132,broadcast_to_mempool_space
FN:134,(anonymous_10)
FN:141,broadcast_to_blockstream
FN:143,(anonymous_12)
FN:150,broadcast_transaction
FN:161,get_address_txs
FN:165,(anonymous_15)
FN:175,fetch_most_recent_unconfirmed_send
FN:178,(anonymous_17)
FN:183,(anonymous_18)
FN:195,(anonymous_19)
FN:209,(anonymous_20)
FNF:21
FNH:1
FNDA:1,(anonymous_0)
FNDA:0,get_utxos_from_mempool_space
FNDA:0,(anonymous_2)
FNDA:0,get_utxos
FNDA:0,(anonymous_4)
FNDA:0,(anonymous_5)
FNDA:0,(anonymous_6)
FNDA:0,(anonymous_7)
FNDA:0,sign_and_finalize_transaction
FNDA:0,broadcast_to_mempool_space
FNDA:0,(anonymous_10)
FNDA:0,broadcast_to_blockstream
FNDA:0,(anonymous_12)
FNDA:0,broadcast_transaction
FNDA:0,get_address_txs
FNDA:0,(anonymous_15)
FNDA:0,fetch_most_recent_unconfirmed_send
FNDA:0,(anonymous_17)
FNDA:0,(anonymous_18)
FNDA:0,(anonymous_19)
FNDA:0,(anonymous_20)
DA:8,1
DA:9,1
DA:10,1
DA:11,1
DA:12,1
DA:13,1
DA:14,1
DA:15,1
DA:16,1
DA:17,1
DA:19,1
DA:21,1
DA:22,1
DA:29,1
DA:31,1
DA:32,1
DA:33,0
DA:36,1
DA:37,1
DA:38,1
DA:40,1
DA:41,1
DA:42,1
DA:43,0
DA:45,1
DA:46,1
DA:47,1
DA:49,1
DA:50,0
DA:51,0
DA:53,1
DA:54,1
DA:56,1
DA:57,0
DA:59,1
DA:60,1
DA:61,0
DA:69,0
DA:70,0
DA:71,0
DA:72,0
DA:74,0
DA:77,0
DA:78,0
DA:79,0
DA:80,0
DA:81,0
DA:82,0
DA:84,0
DA:86,0
DA:87,0
DA:88,0
DA:90,0
DA:91,0
DA:92,0
DA:94,0
DA:95,0
DA:96,0
DA:97,0
DA:98,0
DA:100,0
DA:104,0
DA:105,0
DA:106,0
DA:108,0
DA:109,0
DA:110,0
DA:114,0
DA:116,0
DA:125,0
DA:128,0
DA:133,0
DA:134,0
DA:135,0
DA:136,0
DA:138,0
DA:142,0
DA:143,0
DA:144,0
DA:145,0
DA:147,0
DA:151,0
DA:152,0
DA:154,0
DA:155,0
DA:156,0
DA:158,0
DA:162,0
DA:163,0
DA:166,0
DA:167,0
DA:169,0
DA:170,0
DA:172,0
DA:176,0
DA:177,0
DA:178,0
DA:179,0
DA:180,0
DA:183,0
DA:184,0
DA:185,0
DA:187,0
DA:188,0
DA:189,0
DA:194,0
DA:195,0
DA:197,0
DA:198,0
DA:199,0
DA:200,0
DA:201,0
DA:204,0
DA:206,0
DA:207,0
DA:209,0
DA:210,0
DA:211,0
DA:217,1
LF:119
LH:32
BRDA:16,0,0,1
BRDA:16,0,1,1
BRDA:22,1,0,0
BRDA:22,1,1,1
BRDA:29,2,0,0
BRDA:29,2,1,1
BRDA:31,3,0,1
BRDA:31,3,1,0
BRDA:32,4,0,0
BRDA:32,4,1,1
BRDA:32,5,0,1
BRDA:32,5,1,1
BRDA:42,6,0,0
BRDA:42,6,1,1
BRDA:42,7,0,1
BRDA:42,7,1,1
BRDA:45,8,0,1
BRDA:45,8,1,0
BRDA:45,9,0,0
BRDA:45,9,1,0
BRDA:49,10,0,0
BRDA:49,10,1,1
BRDA:56,11,0,0
BRDA:56,11,1,1
BRDA:60,12,0,0
BRDA:60,12,1,1
BRDA:77,13,0,0
BRDA:77,13,1,0
BRDA:81,14,0,0
BRDA:81,14,1,0
BRDA:87,15,0,0
BRDA:87,15,1,0
BRDA:91,16,0,0
BRDA:91,16,1,0
BRDA:97,17,0,0
BRDA:97,17,1,0
BRDA:104,18,0,0
BRDA:104,18,1,0
BRDA:109,19,0,0
BRDA:109,19,1,0
BRDA:151,20,0,0
BRDA:151,20,1,0
BRDA:155,21,0,0
BRDA:155,21,1,0
BRDA:169,22,0,0
BRDA:169,22,1,0
BRDA:172,23,0,0
BRDA:172,23,1,0
BRDA:176,24,0,0
BRDA:176,24,1,0
BRDA:178,25,0,0
BRDA:178,25,1,0
BRDA:179,26,0,0
BRDA:179,26,1,0
BRDA:197,27,0,0
BRDA:197,27,1,0
BRDA:198,28,0,0
BRDA:198,28,1,0
BRDA:200,29,0,0
BRDA:200,29,1,0
BRDA:207,30,0,0
BRDA:207,30,1,0
BRF:62
BRH:15
end_of_record
TN:
SF:exchanges/binance.js
FN:6,init_client
FN:13,get_btc_balance
FN:17,(anonymous_2)
FN:21,(anonymous_3)
FN:26,withdraw
FN:38,(anonymous_5)
FN:45,get_deposit_address
FNF:7
FNH:0
FNDA:0,init_client
FNDA:0,get_btc_balance
FNDA:0,(anonymous_2)
FNDA:0,(anonymous_3)
FNDA:0,withdraw
FNDA:0,(anonymous_5)
FNDA:0,get_deposit_address
DA:1,1
DA:7,0
DA:8,0
DA:10,0
DA:14,0
DA:15,0
DA:17,0
DA:18,0
DA:19,0
DA:21,0
DA:22,0
DA:23,0
DA:27,0
DA:28,0
DA:30,0
DA:31,0
DA:33,0
DA:34,0
DA:39,0
DA:40,0
DA:42,0
DA:46,0
DA:47,0
DA:49,0
DA:52,1
LF:25
LH:2
BRDA:7,0,0,0
BRDA:7,0,1,0
BRDA:7,1,0,0
BRDA:7,1,1,0
BRDA:14,2,0,0
BRDA:14,2,1,0
BRDA:27,3,0,0
BRDA:27,3,1,0
BRDA:30,4,0,0
BRDA:30,4,1,0
BRDA:46,5,0,0
BRDA:46,5,1,0
BRF:12
BRH:0
end_of_record
TN:
SF:exchanges/bitfinex.js
FN:4,generate_headers
FN:16,check_api_key
FN:22,get_btc_balance
FN:28,(anonymous_3)
FN:32,withdraw
FN:51,get_deposit_address
FNF:6
FNH:0
FNDA:0,generate_headers
FNDA:0,check_api_key
FNDA:0,get_btc_balance
FNDA:0,(anonymous_3)
FNDA:0,withdraw
FNDA:0,get_deposit_address
DA:1,1
DA:2,1
DA:5,0
DA:6,0
DA:7,0
DA:8,0
DA:17,0
DA:18,0
DA:23,0
DA:24,0
DA:25,0
DA:26,0
DA:27,0
DA:28,0
DA:29,0
DA:33,0
DA:34,0
DA:35,0
DA:37,0
DA:38,0
DA:39,0
DA:46,0
DA:47,0
DA:48,0
DA:52,0
DA:53,0
DA:55,0
DA:58,1
LF:28
LH:3
BRDA:11,0,0,0
BRDA:11,0,1,0
BRDA:17,1,0,0
BRDA:17,1,1,0
BRDA:17,2,0,0
BRDA:17,2,1,0
BRDA:28,3,0,0
BRDA:28,3,1,0
BRDA:29,4,0,0
BRDA:29,4,1,0
BRDA:29,4,2,0
BRDA:34,5,0,0
BRDA:34,5,1,0
BRDA:52,6,0,0
BRDA:52,6,1,0
BRF:15
BRH:0
end_of_record
TN:
SF:exchanges/bybit.js
FN:7,init_client
FN:16,withdraw
FN:29,(anonymous_2)
FN:41,get_btc_balance
FN:43,(anonymous_4)
FN:54,get_deposit_address
FNF:6
FNH:0
FNDA:0,init_client
FNDA:0,withdraw
FNDA:0,(anonymous_2)
FNDA:0,get_btc_balance
FNDA:0,(anonymous_4)
FNDA:0,get_deposit_address
DA:3,1
DA:5,1
DA:8,0
DA:9,0
DA:11,0
DA:17,0
DA:18,0
DA:19,0
DA:21,0
DA:30,0
DA:31,0
DA:33,0
DA:34,0
DA:35,0
DA:37,0
DA:42,0
DA:43,0
DA:44,0
DA:45,0
DA:47,0
DA:48,0
DA:49,0
DA:51,0
DA:55,0
DA:56,0
DA:58,0
DA:61,1
LF:27
LH:3
BRDA:8,0,0,0
BRDA:8,0,1,0
BRDA:8,1,0,0
BRDA:8,1,1,0
BRDA:17,2,0,0
BRDA:17,2,1,0
BRDA:18,3,0,0
BRDA:18,3,1,0
BRDA:33,4,0,0
BRDA:33,4,1,0
BRDA:42,5,0,0
BRDA:42,5,1,0
BRDA:47,6,0,0
BRDA:47,6,1,0
BRDA:55,7,0,0
BRDA:55,7,1,0
BRF:16
BRH:0
end_of_record
TN:
SF:exchanges/coinbase-exchange.js
FN:8,create_signature
FN:15,create_headers
FN:24,get_btc_account_id
FN:29,(anonymous_3)
FN:33,(anonymous_4)
FN:37,get_btc_balance
FN:48,(anonymous_6)
FN:55,withdraw
FN:80,(anonymous_8)
FN:87,get_deposit_address
FNF:10
FNH:0
FNDA:0,create_signature
FNDA:0,create_headers
FNDA:0,get_btc_account_id
FNDA:0,(anonymous_3)
FNDA:0,(anonymous_4)
FNDA:0,get_btc_balance
FNDA:0,(anonymous_6)
FNDA:0,withdraw
FNDA:0,(anonymous_8)
FNDA:0,get_deposit_address
DA:1,1
DA:2,1
DA:3,1
DA:4,1
DA:6,1
DA:9,0
DA:10,0
DA:11,0
DA:16,0
DA:25,0
DA:26,0
DA:27,0
DA:28,0
DA:29,0
DA:30,0
DA:31,0
DA:33,0
DA:34,0
DA:38,0
DA:39,0
DA:41,0
DA:42,0
DA:44,0
DA:45,0
DA:46,0
DA:47,0
DA:48,0
DA:49,0
DA:50,0
DA:52,0
DA:56,0
DA:57,0
DA:59,0
DA:60,0
DA:62,0
DA:63,0
DA:65,0
DA:66,0
DA:67,0
DA:68,0
DA:75,0
DA:76,0
DA:78,0
DA:79,0
DA:80,0
DA:81,0
DA:82,0
DA:84,0
DA:88,0
DA:89,0
DA:91,0
DA:94,1
LF:52
LH:6
BRDA:8,0,0,0
BRDA:15,1,0,0
BRDA:38,2,0,0
BRDA:38,2,1,0
BRDA:38,3,0,0
BRDA:38,3,1,0
BRDA:38,3,2,0
BRDA:41,4,0,0
BRDA:41,4,1,0
BRDA:56,5,0,0
BRDA:56,5,1,0
BRDA:56,6,0,0
BRDA:56,6,1,0
BRDA:59,7,0,0
BRDA:59,7,1,0
BRDA:62,8,0,0
BRDA:62,8,1,0
BRDA:75,9,0,0
BRDA:75,9,1,0
BRDA:88,10,0,0
BRDA:88,10,1,0
BRF:21
BRH:0
end_of_record
TN:
SF:exchanges/coinbase.js
FN:8,create_signature
FN:14,create_headers
FN:22,get_btc_account_id
FN:27,(anonymous_3)
FN:36,get_btc_balance
FN:47,(anonymous_5)
FN:54,withdraw
FN:78,(anonymous_7)
FN:85,get_deposit_address
FNF:9
FNH:0
FNDA:0,create_signature
FNDA:0,create_headers
FNDA:0,get_btc_account_id
FNDA:0,(anonymous_3)
FNDA:0,get_btc_balance
FNDA:0,(anonymous_5)
FNDA:0,withdraw
FNDA:0,(anonymous_7)
FNDA:0,get_deposit_address
DA:1,1
DA:2,1
DA:3,1
DA:4,1
DA:6,1
DA:7,1
DA:9,0
DA:10,0
DA:15,0
DA:23,0
DA:24,0
DA:25,0
DA:26,0
DA:27,0
DA:28,0
DA:29,0
DA:31,0
DA:32,0
DA:33,0
DA:37,0
DA:38,0
DA:40,0
DA:41,0
DA:43,0
DA:44,0
DA:45,0
DA:46,0
DA:47,0
DA:48,0
DA:49,0
DA:51,0
DA:55,0
DA:56,0
DA:58,0
DA:59,0
DA:61,0
DA:62,0
DA:64,0
DA:65,0
DA:66,0
DA:67,0
DA:68,0
DA:69,0
DA:76,0
DA:77,0
DA:78,0
DA:79,0
DA:80,0
DA:82,0
DA:86,0
DA:87,0
DA:89,0
DA:92,1
LF:53
LH:7
BRDA:8,0,0,0
BRDA:14,1,0,0
BRDA:31,2,0,0
BRDA:31,2,1,0
BRDA:37,3,0,0
BRDA:37,3,1,0
BRDA:37,4,0,0
BRDA:37,4,1,0
BRDA:40,5,0,0
BRDA:40,5,1,0
BRDA:55,6,0,0
BRDA:55,6,1,0
BRDA:55,7,0,0
BRDA:55,7,1,0
BRDA:58,8,0,0
BRDA:58,8,1,0
BRDA:61,9,0,0
BRDA:61,9,1,0
BRDA:86,10,0,0
BRDA:86,10,1,0
BRF:20
BRH:0
end_of_record
TN:
SF:exchanges/config.js
FNF:0
FNH:0
DA:1,1
DA:2,1
DA:3,1
DA:4,1
DA:5,1
DA:6,1
DA:7,1
DA:8,1
DA:9,1
DA:11,1
LF:10
LH:10
BRF:0
BRH:0
end_of_record
TN:
SF:exchanges/gemini.js
FN:7,create_signature
FN:12,create_headers
FN:23,get_btc_balance
FN:31,(anonymous_3)
FN:35,(anonymous_4)
FN:39,withdraw
FN:51,(anonymous_6)
FN:58,get_deposit_address
FNF:8
FNH:0
FNDA:0,create_signature
FNDA:0,create_headers
FNDA:0,get_btc_balance
FNDA:0,(anonymous_3)
FNDA:0,(anonymous_4)
FNDA:0,withdraw
FNDA:0,(anonymous_6)
FNDA:0,get_deposit_address
DA:2,1
DA:3,1
DA:5,1
DA:6,1
DA:8,0
DA:13,0
DA:14,0
DA:24,0
DA:25,0
DA:26,0
DA:30,0
DA:31,0
DA:32,0
DA:33,0
DA:35,0
DA:36,0
DA:40,0
DA:41,0
DA:43,0
DA:44,0
DA:45,0
DA:46,0
DA:47,0
DA:50,0
DA:51,0
DA:52,0
DA:53,0
DA:55,0
DA:59,0
DA:60,0
DA:62,0
DA:65,1
LF:32
LH:5
BRDA:6,0,0,1
BRDA:6,0,1,1
BRDA:40,1,0,0
BRDA:40,1,1,0
BRDA:59,2,0,0
BRDA:59,2,1,0
BRF:6
BRH:2
end_of_record
TN:
SF:exchanges/kraken.js
FN:6,CreateAuthenticationSignature
FN:24,QueryPrivateEndpoint
FN:43,(anonymous_2)
FN:50,check_api_key
FN:56,get_btc_balance
FN:65,withdraw
FN:89,get_deposit_address
FNF:7
FNH:0
FNDA:0,CreateAuthenticationSignature
FNDA:0,QueryPrivateEndpoint
FNDA:0,(anonymous_2)
FNDA:0,check_api_key
FNDA:0,get_btc_balance
FNDA:0,withdraw
FNDA:0,get_deposit_address
DA:1,1
DA:2,1
DA:4,1
DA:13,0
DA:14,0
DA:15,0
DA:16,0
DA:17,0
DA:18,0
DA:21,0
DA:25,0
DA:26,0
DA:27,0
DA:28,0
DA:29,0
DA:30,0
DA:31,0
DA:32,0
DA:39,0
DA:42,0
DA:44,0
DA:45,0
DA:47,0
DA:51,0
DA:52,0
DA:57,0
DA:58,0
DA:59,0
DA:60,0
DA:62,0
DA:66,0
DA:67,0
DA:68,0
DA:70,0
DA:71,0
DA:72,0
DA:77,0
DA:78,0
DA:79,0
DA:80,0
DA:82,0
DA:84,0
DA:85,0
DA:90,0
DA:91,0
DA:93,0
DA:96,1
LF:47
LH:4
BRDA:51,0,0,0
BRDA:51,0,1,0
BRDA:51,1,0,0
BRDA:51,1,1,0
BRDA:59,2,0,0
BRDA:59,2,1,0
BRDA:59,3,0,0
BRDA:59,3,1,0
BRDA:67,4,0,0
BRDA:67,4,1,0
BRDA:79,5,0,0
BRDA:79,5,1,0
BRDA:79,6,0,0
BRDA:79,6,1,0
BRDA:90,7,0,0
BRDA:90,7,1,0
BRF:16
BRH:0
end_of_record
TN:
SF:exchanges/kucoin.js
FN:5,create_signature
FN:10,create_headers
FN:20,get_btc_balance
FN:28,(anonymous_3)
FN:35,withdraw
FN:56,(anonymous_5)
FN:63,get_deposit_address
FNF:7
FNH:0
FNDA:0,create_signature
FNDA:0,create_headers
FNDA:0,get_btc_balance
FNDA:0,(anonymous_3)
FNDA:0,withdraw
FNDA:0,(anonymous_5)
FNDA:0,get_deposit_address
DA:1,1
DA:2,1
DA:3,1
DA:6,0
DA:11,0
DA:21,0
DA:22,0
DA:24,0
DA:25,0
DA:26,0
DA:27,0
DA:28,0
DA:29,0
DA:30,0
DA:32,0
DA:36,0
DA:37,0
DA:39,0
DA:40,0
DA:42,0
DA:43,0
DA:44,0
DA:45,0
DA:46,0
DA:47,0
DA:53,0
DA:54,0
DA:55,0
DA:56,0
DA:57,0
DA:58,0
DA:60,0
DA:64,0
DA:65,0
DA:67,0
DA:70,1
LF:36
LH:4
BRDA:10,0,0,0
BRDA:21,1,0,0
BRDA:21,1,1,0
BRDA:21,2,0,0
BRDA:21,2,1,0
BRDA:21,2,2,0
BRDA:36,3,0,0
BRDA:36,3,1,0
BRDA:36,4,0,0
BRDA:36,4,1,0
BRDA:39,5,0,0
BRDA:39,5,1,0
BRDA:64,6,0,0
BRDA:64,6,1,0
BRF:14
BRH:0
end_of_record
TN:
SF:exchanges/okx.js
FN:5,create_signature
FN:11,create_headers
FN:20,get_btc_balance
FN:28,(anonymous_3)
FN:35,get_withdrawal_fee
FN:43,(anonymous_5)
FN:47,(anonymous_6)
FN:50,withdraw
FN:73,(anonymous_8)
FN:83,get_deposit_address
FNF:10
FNH:0
FNDA:0,create_signature
FNDA:0,create_headers
FNDA:0,get_btc_balance
FNDA:0,(anonymous_3)
FNDA:0,get_withdrawal_fee
FNDA:0,(anonymous_5)
FNDA:0,(anonymous_6)
FNDA:0,withdraw
FNDA:0,(anonymous_8)
FNDA:0,get_deposit_address
DA:1,1
DA:2,1
DA:3,1
DA:6,0
DA:7,0
DA:12,0
DA:21,0
DA:22,0
DA:24,0
DA:25,0
DA:26,0
DA:27,0
DA:28,0
DA:29,0
DA:30,0
DA:32,0
DA:36,0
DA:37,0
DA:39,0
DA:40,0
DA:41,0
DA:42,0
DA:43,0
DA:44,0
DA:45,0
DA:47,0
DA:51,0
DA:52,0
DA:54,0
DA:55,0
DA:57,0
DA:58,0
DA:59,0
DA:60,0
DA:61,0
DA:62,0
DA:63,0
DA:70,0
DA:71,0
DA:72,0
DA:73,0
DA:74,0
DA:75,0
DA:77,0
DA:78,0
DA:80,0
DA:84,0
DA:85,0
DA:87,0
DA:90,1
LF:50
LH:4
BRDA:3,0,0,1
BRDA:3,0,1,1
BRDA:5,1,0,0
BRDA:11,2,0,0
BRDA:21,3,0,0
BRDA:21,3,1,0
BRDA:21,4,0,0
BRDA:21,4,1,0
BRDA:21,4,2,0
BRDA:36,5,0,0
BRDA:36,5,1,0
BRDA:36,6,0,0
BRDA:36,6,1,0
BRDA:51,7,0,0
BRDA:51,7,1,0
BRDA:51,8,0,0
BRDA:51,8,1,0
BRDA:54,9,0,0
BRDA:54,9,1,0
BRDA:77,10,0,0
BRDA:77,10,1,0
BRDA:84,11,0,0
BRDA:84,11,1,0
BRF:23
BRH:2
end_of_record
